OpenROAD 41a51eaf4ca2171c92ff38afb91eb37bbd3f36da 
This program is licensed under the BSD-3 license. See the LICENSE file for details.
Components of this program may be licensed under more restrictive licenses which must be honored.
[INFO]: Reading ODB at '/openlane/designs/alu/runs/RUN_2025.07.27_12.38.31/tmp/15-alu.odb'…
define_corners Typical
read_liberty -corner Typical /home/nidesh/.ciel/sky130A/libs.ref/sky130_fd_sc_hd/lib/sky130_fd_sc_hd__tt_025C_1v80.lib
Using 1e-12 for capacitance...
Using 1e+03 for resistance...
Using 1e-09 for time...
Using 1e+00 for voltage...
Using 1e-03 for current...
Using 1e-09 for power...
Using 1e-06 for distance...
Reading design constraints file at '/openlane/designs/alu/runs/RUN_2025.07.27_12.38.31/tmp/15-alu.sdc'…
[INFO]: Setting RC values...
[WARNING GRT-0026] Missing route to pin output16/A.
min_report

===========================================================================
report_checks -path_delay min (Hold)
============================================================================
======================= Typical Corner ===================================

Startpoint: b[0] (input port clocked by clk)
Endpoint: out[0] (output port clocked by clk)
Path Group: clk
Path Type: min

Fanout     Cap    Slew   Delay    Time   Description
-----------------------------------------------------------------------------
                  0.00    0.00    0.00   clock clk (rise edge)
                          0.00    0.00   clock network delay (ideal)
                          2.00    2.00 ^ input external delay
                  0.02    0.01    2.01 ^ b[0] (in)
     1    0.00                           b[0] (net)
                  0.02    0.00    2.01 ^ input5/A (sky130_fd_sc_hd__buf_1)
                  0.13    0.13    2.14 ^ input5/X (sky130_fd_sc_hd__buf_1)
     4    0.01                           net5 (net)
                  0.13    0.00    2.14 ^ _080_/A1 (sky130_fd_sc_hd__o22a_1)
                  0.07    0.17    2.31 ^ _080_/X (sky130_fd_sc_hd__o22a_1)
     1    0.01                           net13 (net)
                  0.07    0.00    2.31 ^ output13/A (sky130_fd_sc_hd__clkbuf_4)
                  0.11    0.18    2.50 ^ output13/X (sky130_fd_sc_hd__clkbuf_4)
     1    0.03                           out[0] (net)
                  0.11    0.00    2.50 ^ out[0] (out)
                                  2.50   data arrival time

                  0.00    0.00    0.00   clock clk (rise edge)
                          0.00    0.00   clock network delay (ideal)
                          0.25    0.25   clock uncertainty
                          0.00    0.25   clock reconvergence pessimism
                         -2.00   -1.75   output external delay
                                 -1.75   data required time
-----------------------------------------------------------------------------
                                 -1.75   data required time
                                 -2.50   data arrival time
-----------------------------------------------------------------------------
                                  4.25   slack (MET)


Startpoint: a[1] (input port clocked by clk)
Endpoint: out[1] (output port clocked by clk)
Path Group: clk
Path Type: min

Fanout     Cap    Slew   Delay    Time   Description
-----------------------------------------------------------------------------
                  0.00    0.00    0.00   clock clk (rise edge)
                          0.00    0.00   clock network delay (ideal)
                          2.00    2.00 ^ input external delay
                  0.02    0.01    2.01 ^ a[1] (in)
     1    0.00                           a[1] (net)
                  0.02    0.00    2.01 ^ input2/A (sky130_fd_sc_hd__clkbuf_2)
                  0.12    0.14    2.15 ^ input2/X (sky130_fd_sc_hd__clkbuf_2)
     5    0.02                           net2 (net)
                  0.12    0.00    2.15 ^ _089_/A2 (sky130_fd_sc_hd__o221a_1)
                  0.06    0.19    2.34 ^ _089_/X (sky130_fd_sc_hd__o221a_1)
     1    0.00                           _036_ (net)
                  0.06    0.00    2.34 ^ _090_/C1 (sky130_fd_sc_hd__a211o_1)
                  0.04    0.09    2.43 ^ _090_/X (sky130_fd_sc_hd__a211o_1)
     1    0.00                           net14 (net)
                  0.04    0.00    2.43 ^ output14/A (sky130_fd_sc_hd__clkbuf_4)
                  0.11    0.18    2.60 ^ output14/X (sky130_fd_sc_hd__clkbuf_4)
     1    0.03                           out[1] (net)
                  0.11    0.00    2.61 ^ out[1] (out)
                                  2.61   data arrival time

                  0.00    0.00    0.00   clock clk (rise edge)
                          0.00    0.00   clock network delay (ideal)
                          0.25    0.25   clock uncertainty
                          0.00    0.25   clock reconvergence pessimism
                         -2.00   -1.75   output external delay
                                 -1.75   data required time
-----------------------------------------------------------------------------
                                 -1.75   data required time
                                 -2.61   data arrival time
-----------------------------------------------------------------------------
                                  4.36   slack (MET)


Startpoint: b[3] (input port clocked by clk)
Endpoint: out[3] (output port clocked by clk)
Path Group: clk
Path Type: min

Fanout     Cap    Slew   Delay    Time   Description
-----------------------------------------------------------------------------
                  0.00    0.00    0.00   clock clk (rise edge)
                          0.00    0.00   clock network delay (ideal)
                          2.00    2.00 ^ input external delay
                  0.02    0.01    2.01 ^ b[3] (in)
     1    0.00                           b[3] (net)
                  0.02    0.00    2.01 ^ input8/A (sky130_fd_sc_hd__buf_1)
                  0.13    0.13    2.14 ^ input8/X (sky130_fd_sc_hd__buf_1)
     4    0.01                           net8 (net)
                  0.13    0.00    2.14 ^ _105_/A (sky130_fd_sc_hd__and3_1)
                  0.06    0.16    2.30 ^ _105_/X (sky130_fd_sc_hd__and3_1)
     1    0.00                           _050_ (net)
                  0.06    0.00    2.30 ^ _106_/C1 (sky130_fd_sc_hd__a221o_1)
                  0.04    0.10    2.40 ^ _106_/X (sky130_fd_sc_hd__a221o_1)
     1    0.00                           _051_ (net)
                  0.04    0.00    2.40 ^ _107_/B1 (sky130_fd_sc_hd__a21o_1)
                  0.03    0.07    2.47 ^ _107_/X (sky130_fd_sc_hd__a21o_1)
     1    0.00                           net16 (net)
                  0.03    0.00    2.47 ^ output16/A (sky130_fd_sc_hd__clkbuf_4)
                  0.11    0.17    2.64 ^ output16/X (sky130_fd_sc_hd__clkbuf_4)
     1    0.03                           out[3] (net)
                  0.11    0.00    2.64 ^ out[3] (out)
                                  2.64   data arrival time

                  0.00    0.00    0.00   clock clk (rise edge)
                          0.00    0.00   clock network delay (ideal)
                          0.25    0.25   clock uncertainty
                          0.00    0.25   clock reconvergence pessimism
                         -2.00   -1.75   output external delay
                                 -1.75   data required time
-----------------------------------------------------------------------------
                                 -1.75   data required time
                                 -2.64   data arrival time
-----------------------------------------------------------------------------
                                  4.39   slack (MET)


Startpoint: a[2] (input port clocked by clk)
Endpoint: out[2] (output port clocked by clk)
Path Group: clk
Path Type: min

Fanout     Cap    Slew   Delay    Time   Description
-----------------------------------------------------------------------------
                  0.00    0.00    0.00   clock clk (rise edge)
                          0.00    0.00   clock network delay (ideal)
                          2.00    2.00 ^ input external delay
                  0.02    0.01    2.01 ^ a[2] (in)
     1    0.00                           a[2] (net)
                  0.02    0.00    2.01 ^ input3/A (sky130_fd_sc_hd__buf_1)
                  0.10    0.10    2.12 ^ input3/X (sky130_fd_sc_hd__buf_1)
     4    0.01                           net3 (net)
                  0.10    0.00    2.12 ^ _057_/B (sky130_fd_sc_hd__or2_1)
                  0.09    0.14    2.25 ^ _057_/X (sky130_fd_sc_hd__or2_1)
     3    0.01                           _006_ (net)
                  0.09    0.00    2.25 ^ _098_/B2 (sky130_fd_sc_hd__a221o_1)
                  0.06    0.15    2.40 ^ _098_/X (sky130_fd_sc_hd__a221o_1)
     1    0.00                           _044_ (net)
                  0.06    0.00    2.40 ^ _099_/B1 (sky130_fd_sc_hd__a21o_1)
                  0.04    0.08    2.48 ^ _099_/X (sky130_fd_sc_hd__a21o_1)
     1    0.00                           net15 (net)
                  0.04    0.00    2.48 ^ output15/A (sky130_fd_sc_hd__clkbuf_4)
                  0.11    0.18    2.66 ^ output15/X (sky130_fd_sc_hd__clkbuf_4)
     1    0.04                           out[2] (net)
                  0.11    0.00    2.66 ^ out[2] (out)
                                  2.66   data arrival time

                  0.00    0.00    0.00   clock clk (rise edge)
                          0.00    0.00   clock network delay (ideal)
                          0.25    0.25   clock uncertainty
                          0.00    0.25   clock reconvergence pessimism
                         -2.00   -1.75   output external delay
                                 -1.75   data required time
-----------------------------------------------------------------------------
                                 -1.75   data required time
                                 -2.66   data arrival time
-----------------------------------------------------------------------------
                                  4.41   slack (MET)



min_report_end
max_report

===========================================================================
report_checks -path_delay max (Setup)
============================================================================
======================= Typical Corner ===================================

Startpoint: b[0] (input port clocked by clk)
Endpoint: out[3] (output port clocked by clk)
Path Group: clk
Path Type: max

Fanout     Cap    Slew   Delay    Time   Description
-----------------------------------------------------------------------------
                  0.00    0.00    0.00   clock clk (rise edge)
                          0.00    0.00   clock network delay (ideal)
                          2.00    2.00 ^ input external delay
                  0.02    0.01    2.01 ^ b[0] (in)
     1    0.00                           b[0] (net)
                  0.02    0.00    2.01 ^ input5/A (sky130_fd_sc_hd__buf_1)
                  0.13    0.14    2.16 ^ input5/X (sky130_fd_sc_hd__buf_1)
     4    0.01                           net5 (net)
                  0.13    0.00    2.16 ^ _067_/B_N (sky130_fd_sc_hd__or2b_1)
                  0.07    0.28    2.44 v _067_/X (sky130_fd_sc_hd__or2b_1)
     3    0.01                           _016_ (net)
                  0.07    0.00    2.44 v _069_/A2 (sky130_fd_sc_hd__a21o_1)
                  0.06    0.22    2.66 v _069_/X (sky130_fd_sc_hd__a21o_1)
     3    0.01                           _018_ (net)
                  0.06    0.00    2.66 v _071_/A2 (sky130_fd_sc_hd__a21o_1)
                  0.04    0.19    2.85 v _071_/X (sky130_fd_sc_hd__a21o_1)
     2    0.00                           _020_ (net)
                  0.04    0.00    2.85 v _102_/B (sky130_fd_sc_hd__or2_1)
                  0.05    0.21    3.06 v _102_/X (sky130_fd_sc_hd__or2_1)
     1    0.00                           _047_ (net)
                  0.05    0.00    3.06 v _106_/A2 (sky130_fd_sc_hd__a221o_1)
                  0.05    0.35    3.41 v _106_/X (sky130_fd_sc_hd__a221o_1)
     1    0.00                           _051_ (net)
                  0.05    0.00    3.41 v _107_/B1 (sky130_fd_sc_hd__a21o_1)
                  0.03    0.15    3.56 v _107_/X (sky130_fd_sc_hd__a21o_1)
     1    0.00                           net16 (net)
                  0.03    0.00    3.56 v output16/A (sky130_fd_sc_hd__clkbuf_4)
                  0.08    0.19    3.75 v output16/X (sky130_fd_sc_hd__clkbuf_4)
     1    0.03                           out[3] (net)
                  0.08    0.00    3.75 v out[3] (out)
                                  3.75   data arrival time

                  0.00   10.00   10.00   clock clk (rise edge)
                          0.00   10.00   clock network delay (ideal)
                         -0.25    9.75   clock uncertainty
                          0.00    9.75   clock reconvergence pessimism
                         -2.00    7.75   output external delay
                                  7.75   data required time
-----------------------------------------------------------------------------
                                  7.75   data required time
                                 -3.75   data arrival time
-----------------------------------------------------------------------------
                                  4.00   slack (MET)


Startpoint: sel[2] (input port clocked by clk)
Endpoint: out[2] (output port clocked by clk)
Path Group: clk
Path Type: max

Fanout     Cap    Slew   Delay    Time   Description
-----------------------------------------------------------------------------
                  0.00    0.00    0.00   clock clk (rise edge)
                          0.00    0.00   clock network delay (ideal)
                          2.00    2.00 ^ input external delay
                  0.02    0.01    2.01 ^ sel[2] (in)
     1    0.00                           sel[2] (net)
                  0.02    0.00    2.01 ^ input11/A (sky130_fd_sc_hd__buf_1)
                  0.17    0.17    2.18 ^ input11/X (sky130_fd_sc_hd__buf_1)
     3    0.01                           net11 (net)
                  0.17    0.00    2.18 ^ _075_/A (sky130_fd_sc_hd__inv_2)
                  0.06    0.09    2.26 v _075_/Y (sky130_fd_sc_hd__inv_2)
     6    0.02                           _023_ (net)
                  0.06    0.00    2.26 v _081_/A (sky130_fd_sc_hd__or3_1)
                  0.09    0.42    2.68 v _081_/X (sky130_fd_sc_hd__or3_1)
     3    0.01                           _028_ (net)
                  0.09    0.00    2.68 v _083_/B (sky130_fd_sc_hd__and3_1)
                  0.07    0.23    2.91 v _083_/X (sky130_fd_sc_hd__and3_1)
     3    0.01                           _030_ (net)
                  0.07    0.00    2.91 v _097_/B1 (sky130_fd_sc_hd__o211a_1)
                  0.04    0.14    3.05 v _097_/X (sky130_fd_sc_hd__o211a_1)
     1    0.00                           _043_ (net)
                  0.04    0.00    3.05 v _098_/C1 (sky130_fd_sc_hd__a221o_1)
                  0.06    0.28    3.32 v _098_/X (sky130_fd_sc_hd__a221o_1)
     1    0.00                           _044_ (net)
                  0.06    0.00    3.32 v _099_/B1 (sky130_fd_sc_hd__a21o_1)
                  0.04    0.17    3.49 v _099_/X (sky130_fd_sc_hd__a21o_1)
     1    0.00                           net15 (net)
                  0.04    0.00    3.49 v output15/A (sky130_fd_sc_hd__clkbuf_4)
                  0.08    0.19    3.68 v output15/X (sky130_fd_sc_hd__clkbuf_4)
     1    0.04                           out[2] (net)
                  0.08    0.00    3.68 v out[2] (out)
                                  3.68   data arrival time

                  0.00   10.00   10.00   clock clk (rise edge)
                          0.00   10.00   clock network delay (ideal)
                         -0.25    9.75   clock uncertainty
                          0.00    9.75   clock reconvergence pessimism
                         -2.00    7.75   output external delay
                                  7.75   data required time
-----------------------------------------------------------------------------
                                  7.75   data required time
                                 -3.68   data arrival time
-----------------------------------------------------------------------------
                                  4.07   slack (MET)


Startpoint: sel[2] (input port clocked by clk)
Endpoint: out[1] (output port clocked by clk)
Path Group: clk
Path Type: max

Fanout     Cap    Slew   Delay    Time   Description
-----------------------------------------------------------------------------
                  0.00    0.00    0.00   clock clk (rise edge)
                          0.00    0.00   clock network delay (ideal)
                          2.00    2.00 ^ input external delay
                  0.02    0.01    2.01 ^ sel[2] (in)
     1    0.00                           sel[2] (net)
                  0.02    0.00    2.01 ^ input11/A (sky130_fd_sc_hd__buf_1)
                  0.17    0.17    2.18 ^ input11/X (sky130_fd_sc_hd__buf_1)
     3    0.01                           net11 (net)
                  0.17    0.00    2.18 ^ _075_/A (sky130_fd_sc_hd__inv_2)
                  0.06    0.09    2.26 v _075_/Y (sky130_fd_sc_hd__inv_2)
     6    0.02                           _023_ (net)
                  0.06    0.00    2.26 v _081_/A (sky130_fd_sc_hd__or3_1)
                  0.09    0.42    2.68 v _081_/X (sky130_fd_sc_hd__or3_1)
     3    0.01                           _028_ (net)
                  0.09    0.00    2.68 v _083_/B (sky130_fd_sc_hd__and3_1)
                  0.07    0.23    2.91 v _083_/X (sky130_fd_sc_hd__and3_1)
     3    0.01                           _030_ (net)
                  0.07    0.00    2.91 v _090_/A1 (sky130_fd_sc_hd__a211o_1)
                  0.05    0.28    3.19 v _090_/X (sky130_fd_sc_hd__a211o_1)
     1    0.00                           net14 (net)
                  0.05    0.00    3.19 v output14/A (sky130_fd_sc_hd__clkbuf_4)
                  0.08    0.20    3.38 v output14/X (sky130_fd_sc_hd__clkbuf_4)
     1    0.03                           out[1] (net)
                  0.08    0.00    3.38 v out[1] (out)
                                  3.38   data arrival time

                  0.00   10.00   10.00   clock clk (rise edge)
                          0.00   10.00   clock network delay (ideal)
                         -0.25    9.75   clock uncertainty
                          0.00    9.75   clock reconvergence pessimism
                         -2.00    7.75   output external delay
                                  7.75   data required time
-----------------------------------------------------------------------------
                                  7.75   data required time
                                 -3.38   data arrival time
-----------------------------------------------------------------------------
                                  4.37   slack (MET)


Startpoint: a[0] (input port clocked by clk)
Endpoint: out[0] (output port clocked by clk)
Path Group: clk
Path Type: max

Fanout     Cap    Slew   Delay    Time   Description
-----------------------------------------------------------------------------
                  0.00    0.00    0.00   clock clk (rise edge)
                          0.00    0.00   clock network delay (ideal)
                          2.00    2.00 v input external delay
                  0.02    0.01    2.01 v a[0] (in)
     1    0.01                           a[0] (net)
                  0.02    0.00    2.01 v input1/A (sky130_fd_sc_hd__buf_1)
                  0.08    0.13    2.14 v input1/X (sky130_fd_sc_hd__buf_1)
     4    0.01                           net1 (net)
                  0.08    0.00    2.14 v _076_/A2 (sky130_fd_sc_hd__a22o_1)
                  0.05    0.26    2.40 v _076_/X (sky130_fd_sc_hd__a22o_1)
     2    0.01                           _024_ (net)
                  0.05    0.00    2.40 v _077_/C (sky130_fd_sc_hd__and3_1)
                  0.04    0.19    2.59 v _077_/X (sky130_fd_sc_hd__and3_1)
     1    0.00                           _025_ (net)
                  0.04    0.00    2.59 v _080_/B1 (sky130_fd_sc_hd__o22a_1)
                  0.06    0.20    2.78 v _080_/X (sky130_fd_sc_hd__o22a_1)
     1    0.01                           net13 (net)
                  0.06    0.00    2.78 v output13/A (sky130_fd_sc_hd__clkbuf_4)
                  0.08    0.20    2.98 v output13/X (sky130_fd_sc_hd__clkbuf_4)
     1    0.03                           out[0] (net)
                  0.08    0.00    2.98 v out[0] (out)
                                  2.98   data arrival time

                  0.00   10.00   10.00   clock clk (rise edge)
                          0.00   10.00   clock network delay (ideal)
                         -0.25    9.75   clock uncertainty
                          0.00    9.75   clock reconvergence pessimism
                         -2.00    7.75   output external delay
                                  7.75   data required time
-----------------------------------------------------------------------------
                                  7.75   data required time
                                 -2.98   data arrival time
-----------------------------------------------------------------------------
                                  4.77   slack (MET)



max_report_end
checks_report

===========================================================================
report_checks -unconstrained
===========================================================================
======================= Typical Corner ===================================

Startpoint: b[0] (input port clocked by clk)
Endpoint: out[3] (output port clocked by clk)
Path Group: clk
Path Type: max

Fanout     Cap    Slew   Delay    Time   Description
-----------------------------------------------------------------------------
                  0.00    0.00    0.00   clock clk (rise edge)
                          0.00    0.00   clock network delay (ideal)
                          2.00    2.00 ^ input external delay
                  0.02    0.01    2.01 ^ b[0] (in)
     1    0.00                           b[0] (net)
                  0.02    0.00    2.01 ^ input5/A (sky130_fd_sc_hd__buf_1)
                  0.13    0.14    2.16 ^ input5/X (sky130_fd_sc_hd__buf_1)
     4    0.01                           net5 (net)
                  0.13    0.00    2.16 ^ _067_/B_N (sky130_fd_sc_hd__or2b_1)
                  0.07    0.28    2.44 v _067_/X (sky130_fd_sc_hd__or2b_1)
     3    0.01                           _016_ (net)
                  0.07    0.00    2.44 v _069_/A2 (sky130_fd_sc_hd__a21o_1)
                  0.06    0.22    2.66 v _069_/X (sky130_fd_sc_hd__a21o_1)
     3    0.01                           _018_ (net)
                  0.06    0.00    2.66 v _071_/A2 (sky130_fd_sc_hd__a21o_1)
                  0.04    0.19    2.85 v _071_/X (sky130_fd_sc_hd__a21o_1)
     2    0.00                           _020_ (net)
                  0.04    0.00    2.85 v _102_/B (sky130_fd_sc_hd__or2_1)
                  0.05    0.21    3.06 v _102_/X (sky130_fd_sc_hd__or2_1)
     1    0.00                           _047_ (net)
                  0.05    0.00    3.06 v _106_/A2 (sky130_fd_sc_hd__a221o_1)
                  0.05    0.35    3.41 v _106_/X (sky130_fd_sc_hd__a221o_1)
     1    0.00                           _051_ (net)
                  0.05    0.00    3.41 v _107_/B1 (sky130_fd_sc_hd__a21o_1)
                  0.03    0.15    3.56 v _107_/X (sky130_fd_sc_hd__a21o_1)
     1    0.00                           net16 (net)
                  0.03    0.00    3.56 v output16/A (sky130_fd_sc_hd__clkbuf_4)
                  0.08    0.19    3.75 v output16/X (sky130_fd_sc_hd__clkbuf_4)
     1    0.03                           out[3] (net)
                  0.08    0.00    3.75 v out[3] (out)
                                  3.75   data arrival time

                  0.00   10.00   10.00   clock clk (rise edge)
                          0.00   10.00   clock network delay (ideal)
                         -0.25    9.75   clock uncertainty
                          0.00    9.75   clock reconvergence pessimism
                         -2.00    7.75   output external delay
                                  7.75   data required time
-----------------------------------------------------------------------------
                                  7.75   data required time
                                 -3.75   data arrival time
-----------------------------------------------------------------------------
                                  4.00   slack (MET)




===========================================================================
report_checks --slack_max -0.01
============================================================================
======================= Typical Corner ===================================

No paths found.


===========================================================================
 report_check_types -max_slew -max_cap -max_fanout -violators
============================================================================
======================= Typical Corner ===================================



===========================================================================
report_parasitic_annotation -report_unannotated
============================================================================
Found 85 unannotated drivers.
 a[0]
 a[1]
 a[2]
 a[3]
 b[0]
 b[1]
 b[2]
 b[3]
 sel[0]
 sel[1]
 sel[2]
 _053_/X
 _054_/X
 _055_/Y
 _056_/Y
 _057_/X
 _058_/Y
 _059_/Y
 _060_/Y
 _061_/Y
 _062_/Y
 _063_/X
 _064_/Y
 _065_/Y
 _066_/Y
 _067_/X
 _068_/X
 _069_/X
 _070_/X
 _071_/X
 _072_/Y
 _073_/X
 _074_/X
 _075_/Y
 _076_/X
 _077_/X
 _078_/X
 _079_/Y
 _080_/X
 _081_/X
 _082_/Y
 _083_/X
 _084_/X
 _085_/X
 _086_/X
 _087_/Y
 _088_/Y
 _089_/X
 _090_/X
 _091_/X
 _092_/Y
 _093_/X
 _094_/X
 _095_/Y
 _096_/X
 _097_/X
 _098_/X
 _099_/X
 _100_/Y
 _101_/X
 _102_/X
 _103_/X
 _104_/X
 _105_/X
 _106_/X
 _107_/X
 _108_/X
 _109_/X
 _110_/Q
 input1/X
 input10/X
 input11/X
 input2/X
 input3/X
 input4/X
 input5/X
 input6/X
 input7/X
 input8/X
 input9/X
 output12/X
 output13/X
 output14/X
 output15/X
 output16/X
Found 0 partially unannotated drivers.

===========================================================================
max slew violation count 0
max fanout violation count 0
max cap violation count 0
============================================================================

===========================================================================
check_setup -verbose -unconstrained_endpoints -multiple_clock -no_clock -no_input_delay -loops -generated_clocks
===========================================================================
Warning: There is 1 unclocked register/latch pin.
  _110_/GATE_N
Warning: There are 2 unconstrained endpoints.
  carry
  _110_/D
checks_report_end
power_report

===========================================================================
 report_power
============================================================================
======================= Typical Corner ===================================

Group                  Internal  Switching    Leakage      Total
                          Power      Power      Power      Power (Watts)
----------------------------------------------------------------
Sequential             7.71e-07   1.36e-07   8.12e-12   9.07e-07   2.9%
Combinational          1.37e-05   1.71e-05   3.38e-10   3.08e-05  97.1%
Macro                  0.00e+00   0.00e+00   0.00e+00   0.00e+00   0.0%
Pad                    0.00e+00   0.00e+00   0.00e+00   0.00e+00   0.0%
----------------------------------------------------------------
Total                  1.45e-05   1.72e-05   3.47e-10   3.17e-05 100.0%
                          45.7%      54.3%       0.0%

power_report_end
skew_report

===========================================================================
report_clock_skew
============================================================================
Clock clk
No launch/capture paths found.

skew_report_end
summary_report

===========================================================================
report_tns
============================================================================
tns 0.00

===========================================================================
report_wns
============================================================================
wns 0.00

===========================================================================
report_worst_slack -max (Setup)
============================================================================
worst slack 4.00

===========================================================================
report_worst_slack -min (Hold)
============================================================================
worst slack 4.25
summary_report_end
area_report

===========================================================================
report_design_area
============================================================================
Design area 508 u^2 33% utilization.
area_report_end
[WARNING] Did not save OpenROAD database!
Writing SDF to '/openlane/designs/alu/runs/RUN_2025.07.27_12.38.31/results/signoff/alu.sdf'…
Writing timing model to '/openlane/designs/alu/runs/RUN_2025.07.27_12.38.31/results/signoff/alu.lib'…
