OpenSTA 2.4.0 41a51eaf4c Copyright (c) 2021, Parallax Software, Inc.
License GPLv3: GNU GPL version 3 <http://gnu.org/licenses/gpl.html>

This is free software, and you are free to change and redistribute it
under certain conditions; type `show_copying' for details. 
This program comes with ABSOLUTELY NO WARRANTY; for details type `show_warranty'.
define_corners Slowest Typical Fastest
read_liberty -corner Slowest /home/nidesh/.ciel/sky130A/libs.ref/sky130_fd_sc_hd/lib/sky130_fd_sc_hd__ss_100C_1v60.lib
read_liberty -corner Typical /home/nidesh/.ciel/sky130A/libs.ref/sky130_fd_sc_hd/lib/sky130_fd_sc_hd__tt_025C_1v80.lib
read_liberty -corner Fastest /home/nidesh/.ciel/sky130A/libs.ref/sky130_fd_sc_hd/lib/sky130_fd_sc_hd__ff_n40C_1v95.lib
Using 1e-12 for capacitance...
Using 1e+03 for resistance...
Using 1e-09 for time...
Using 1e+00 for voltage...
Using 1e-03 for current...
Using 1e-09 for power...
Using 1e-06 for distance...
Reading netlist '/openlane/designs/alu/runs/RUN_2025.07.27_12.38.31/results/routing/alu.nl.v'…
Warning: /openlane/designs/alu/runs/RUN_2025.07.27_12.38.31/results/routing/alu.nl.v line 322, module sky130_fd_sc_hd__tapvpwrvgnd_1 not found. Creating black box for TAP_28.
Warning: /openlane/designs/alu/runs/RUN_2025.07.27_12.38.31/results/routing/alu.nl.v line 371, module sky130_fd_sc_hd__fill_2 not found. Creating black box for FILLER_0_0_15.
Warning: /openlane/designs/alu/runs/RUN_2025.07.27_12.38.31/results/routing/alu.nl.v line 373, module sky130_ef_sc_hd__decap_12 not found. Creating black box for FILLER_0_0_29.
Warning: /openlane/designs/alu/runs/RUN_2025.07.27_12.38.31/results/routing/alu.nl.v line 376, module sky130_fd_sc_hd__fill_1 not found. Creating black box for FILLER_0_0_55.
Reading design constraints file at '/openlane/designs/alu/runs/RUN_2025.07.27_12.38.31/tmp/17-alu.sdc'…
min_report

===========================================================================
report_checks -path_delay min (Hold)
============================================================================
======================= Fastest Corner ===================================

Startpoint: b[0] (input port clocked by clk)
Endpoint: out[0] (output port clocked by clk)
Path Group: clk
Path Type: min
Corner: Fastest

Fanout     Cap    Slew   Delay    Time   Description
-----------------------------------------------------------------------------
                  0.00    0.00    0.00   clock clk (rise edge)
                          0.00    0.00   clock network delay (ideal)
                          2.00    2.00 v input external delay
                  0.01    0.00    2.00 v b[0] (in)
     1    0.00                           b[0] (net)
                  0.01    0.00    2.00 v input5/A (sky130_fd_sc_hd__buf_1)
                  0.05    0.07    2.07 v input5/X (sky130_fd_sc_hd__buf_1)
     4    0.01                           net5 (net)
                  0.05    0.00    2.07 v _080_/A1 (sky130_fd_sc_hd__o22a_1)
                  0.04    0.13    2.21 v _080_/X (sky130_fd_sc_hd__o22a_1)
     1    0.01                           net13 (net)
                  0.04    0.00    2.21 v output13/A (sky130_fd_sc_hd__clkbuf_4)
                  0.06    0.12    2.33 v output13/X (sky130_fd_sc_hd__clkbuf_4)
     1    0.03                           out[0] (net)
                  0.06    0.00    2.33 v out[0] (out)
                                  2.33   data arrival time

                  0.00    0.00    0.00   clock clk (rise edge)
                          0.00    0.00   clock network delay (ideal)
                          0.25    0.25   clock uncertainty
                          0.00    0.25   clock reconvergence pessimism
                         -2.00   -1.75   output external delay
                                 -1.75   data required time
-----------------------------------------------------------------------------
                                 -1.75   data required time
                                 -2.33   data arrival time
-----------------------------------------------------------------------------
                                  4.08   slack (MET)


Startpoint: a[1] (input port clocked by clk)
Endpoint: out[1] (output port clocked by clk)
Path Group: clk
Path Type: min
Corner: Fastest

Fanout     Cap    Slew   Delay    Time   Description
-----------------------------------------------------------------------------
                  0.00    0.00    0.00   clock clk (rise edge)
                          0.00    0.00   clock network delay (ideal)
                          2.00    2.00 ^ input external delay
                  0.02    0.01    2.01 ^ a[1] (in)
     1    0.00                           a[1] (net)
                  0.02    0.00    2.01 ^ input2/A (sky130_fd_sc_hd__clkbuf_2)
                  0.10    0.10    2.11 ^ input2/X (sky130_fd_sc_hd__clkbuf_2)
     5    0.02                           net2 (net)
                  0.10    0.00    2.12 ^ _089_/A2 (sky130_fd_sc_hd__o221a_1)
                  0.04    0.11    2.22 ^ _089_/X (sky130_fd_sc_hd__o221a_1)
     1    0.00                           _036_ (net)
                  0.04    0.00    2.22 ^ _090_/C1 (sky130_fd_sc_hd__a211o_1)
                  0.04    0.06    2.28 ^ _090_/X (sky130_fd_sc_hd__a211o_1)
     1    0.01                           net14 (net)
                  0.04    0.00    2.29 ^ output14/A (sky130_fd_sc_hd__clkbuf_4)
                  0.08    0.12    2.41 ^ output14/X (sky130_fd_sc_hd__clkbuf_4)
     1    0.03                           out[1] (net)
                  0.08    0.00    2.41 ^ out[1] (out)
                                  2.41   data arrival time

                  0.00    0.00    0.00   clock clk (rise edge)
                          0.00    0.00   clock network delay (ideal)
                          0.25    0.25   clock uncertainty
                          0.00    0.25   clock reconvergence pessimism
                         -2.00   -1.75   output external delay
                                 -1.75   data required time
-----------------------------------------------------------------------------
                                 -1.75   data required time
                                 -2.41   data arrival time
-----------------------------------------------------------------------------
                                  4.16   slack (MET)


Startpoint: b[3] (input port clocked by clk)
Endpoint: out[3] (output port clocked by clk)
Path Group: clk
Path Type: min
Corner: Fastest

Fanout     Cap    Slew   Delay    Time   Description
-----------------------------------------------------------------------------
                  0.00    0.00    0.00   clock clk (rise edge)
                          0.00    0.00   clock network delay (ideal)
                          2.00    2.00 ^ input external delay
                  0.02    0.01    2.01 ^ b[3] (in)
     1    0.00                           b[3] (net)
                  0.02    0.00    2.01 ^ input8/A (sky130_fd_sc_hd__buf_1)
                  0.10    0.09    2.10 ^ input8/X (sky130_fd_sc_hd__buf_1)
     4    0.01                           net8 (net)
                  0.10    0.00    2.10 ^ _105_/A (sky130_fd_sc_hd__and3_1)
                  0.04    0.09    2.19 ^ _105_/X (sky130_fd_sc_hd__and3_1)
     1    0.00                           _050_ (net)
                  0.04    0.00    2.19 ^ _106_/C1 (sky130_fd_sc_hd__a221o_1)
                  0.03    0.06    2.25 ^ _106_/X (sky130_fd_sc_hd__a221o_1)
     1    0.00                           _051_ (net)
                  0.03    0.00    2.25 ^ _107_/B1 (sky130_fd_sc_hd__a21o_1)
                  0.03    0.05    2.29 ^ _107_/X (sky130_fd_sc_hd__a21o_1)
     1    0.00                           net16 (net)
                  0.03    0.00    2.29 ^ output16/A (sky130_fd_sc_hd__clkbuf_4)
                  0.08    0.12    2.41 ^ output16/X (sky130_fd_sc_hd__clkbuf_4)
     1    0.03                           out[3] (net)
                  0.08    0.00    2.41 ^ out[3] (out)
                                  2.41   data arrival time

                  0.00    0.00    0.00   clock clk (rise edge)
                          0.00    0.00   clock network delay (ideal)
                          0.25    0.25   clock uncertainty
                          0.00    0.25   clock reconvergence pessimism
                         -2.00   -1.75   output external delay
                                 -1.75   data required time
-----------------------------------------------------------------------------
                                 -1.75   data required time
                                 -2.41   data arrival time
-----------------------------------------------------------------------------
                                  4.16   slack (MET)


Startpoint: b[2] (input port clocked by clk)
Endpoint: out[2] (output port clocked by clk)
Path Group: clk
Path Type: min
Corner: Fastest

Fanout     Cap    Slew   Delay    Time   Description
-----------------------------------------------------------------------------
                  0.00    0.00    0.00   clock clk (rise edge)
                          0.00    0.00   clock network delay (ideal)
                          2.00    2.00 v input external delay
                  0.01    0.00    2.00 v b[2] (in)
     1    0.00                           b[2] (net)
                  0.01    0.00    2.00 v input7/A (sky130_fd_sc_hd__buf_1)
                  0.04    0.07    2.07 v input7/X (sky130_fd_sc_hd__buf_1)
     4    0.01                           net7 (net)
                  0.04    0.00    2.07 v _056_/A (sky130_fd_sc_hd__nand2_1)
                  0.04    0.05    2.12 ^ _056_/Y (sky130_fd_sc_hd__nand2_1)
     2    0.01                           _005_ (net)
                  0.04    0.00    2.12 ^ _066_/A (sky130_fd_sc_hd__nand2_1)
                  0.05    0.05    2.17 v _066_/Y (sky130_fd_sc_hd__nand2_1)
     4    0.01                           _015_ (net)
                  0.05    0.00    2.17 v _092_/A1 (sky130_fd_sc_hd__a21oi_1)
                  0.05    0.08    2.26 ^ _092_/Y (sky130_fd_sc_hd__a21oi_1)
     1    0.00                           _038_ (net)
                  0.05    0.00    2.26 ^ _099_/A2 (sky130_fd_sc_hd__a21o_1)
                  0.04    0.07    2.33 ^ _099_/X (sky130_fd_sc_hd__a21o_1)
     1    0.00                           net15 (net)
                  0.04    0.00    2.33 ^ output15/A (sky130_fd_sc_hd__clkbuf_4)
                  0.09    0.12    2.45 ^ output15/X (sky130_fd_sc_hd__clkbuf_4)
     1    0.03                           out[2] (net)
                  0.09    0.00    2.46 ^ out[2] (out)
                                  2.46   data arrival time

                  0.00    0.00    0.00   clock clk (rise edge)
                          0.00    0.00   clock network delay (ideal)
                          0.25    0.25   clock uncertainty
                          0.00    0.25   clock reconvergence pessimism
                         -2.00   -1.75   output external delay
                                 -1.75   data required time
-----------------------------------------------------------------------------
                                 -1.75   data required time
                                 -2.46   data arrival time
-----------------------------------------------------------------------------
                                  4.21   slack (MET)



======================= Slowest Corner ===================================

Startpoint: b[0] (input port clocked by clk)
Endpoint: out[0] (output port clocked by clk)
Path Group: clk
Path Type: min
Corner: Slowest

Fanout     Cap    Slew   Delay    Time   Description
-----------------------------------------------------------------------------
                  0.00    0.00    0.00   clock clk (rise edge)
                          0.00    0.00   clock network delay (ideal)
                          2.00    2.00 ^ input external delay
                  0.04    0.02    2.02 ^ b[0] (in)
     1    0.00                           b[0] (net)
                  0.04    0.00    2.02 ^ input5/A (sky130_fd_sc_hd__buf_1)
                  0.23    0.24    2.25 ^ input5/X (sky130_fd_sc_hd__buf_1)
     4    0.01                           net5 (net)
                  0.23    0.00    2.25 ^ _080_/A1 (sky130_fd_sc_hd__o22a_1)
                  0.13    0.36    2.62 ^ _080_/X (sky130_fd_sc_hd__o22a_1)
     1    0.01                           net13 (net)
                  0.13    0.00    2.62 ^ output13/A (sky130_fd_sc_hd__clkbuf_4)
                  0.18    0.34    2.96 ^ output13/X (sky130_fd_sc_hd__clkbuf_4)
     1    0.03                           out[0] (net)
                  0.18    0.00    2.96 ^ out[0] (out)
                                  2.96   data arrival time

                  0.00    0.00    0.00   clock clk (rise edge)
                          0.00    0.00   clock network delay (ideal)
                          0.25    0.25   clock uncertainty
                          0.00    0.25   clock reconvergence pessimism
                         -2.00   -1.75   output external delay
                                 -1.75   data required time
-----------------------------------------------------------------------------
                                 -1.75   data required time
                                 -2.96   data arrival time
-----------------------------------------------------------------------------
                                  4.71   slack (MET)


Startpoint: b[3] (input port clocked by clk)
Endpoint: out[3] (output port clocked by clk)
Path Group: clk
Path Type: min
Corner: Slowest

Fanout     Cap    Slew   Delay    Time   Description
-----------------------------------------------------------------------------
                  0.00    0.00    0.00   clock clk (rise edge)
                          0.00    0.00   clock network delay (ideal)
                          2.00    2.00 ^ input external delay
                  0.03    0.02    2.02 ^ b[3] (in)
     1    0.00                           b[3] (net)
                  0.03    0.00    2.02 ^ input8/A (sky130_fd_sc_hd__buf_1)
                  0.20    0.22    2.23 ^ input8/X (sky130_fd_sc_hd__buf_1)
     4    0.01                           net8 (net)
                  0.20    0.00    2.23 ^ _105_/A (sky130_fd_sc_hd__and3_1)
                  0.09    0.31    2.54 ^ _105_/X (sky130_fd_sc_hd__and3_1)
     1    0.00                           _050_ (net)
                  0.09    0.00    2.54 ^ _106_/C1 (sky130_fd_sc_hd__a221o_1)
                  0.08    0.18    2.73 ^ _106_/X (sky130_fd_sc_hd__a221o_1)
     1    0.00                           _051_ (net)
                  0.08    0.00    2.73 ^ _107_/B1 (sky130_fd_sc_hd__a21o_1)
                  0.06    0.14    2.86 ^ _107_/X (sky130_fd_sc_hd__a21o_1)
     1    0.00                           net16 (net)
                  0.06    0.00    2.86 ^ output16/A (sky130_fd_sc_hd__clkbuf_4)
                  0.18    0.31    3.17 ^ output16/X (sky130_fd_sc_hd__clkbuf_4)
     1    0.03                           out[3] (net)
                  0.18    0.00    3.17 ^ out[3] (out)
                                  3.17   data arrival time

                  0.00    0.00    0.00   clock clk (rise edge)
                          0.00    0.00   clock network delay (ideal)
                          0.25    0.25   clock uncertainty
                          0.00    0.25   clock reconvergence pessimism
                         -2.00   -1.75   output external delay
                                 -1.75   data required time
-----------------------------------------------------------------------------
                                 -1.75   data required time
                                 -3.17   data arrival time
-----------------------------------------------------------------------------
                                  4.92   slack (MET)


Startpoint: a[1] (input port clocked by clk)
Endpoint: out[1] (output port clocked by clk)
Path Group: clk
Path Type: min
Corner: Slowest

Fanout     Cap    Slew   Delay    Time   Description
-----------------------------------------------------------------------------
                  0.00    0.00    0.00   clock clk (rise edge)
                          0.00    0.00   clock network delay (ideal)
                          2.00    2.00 ^ input external delay
                  0.04    0.02    2.02 ^ a[1] (in)
     1    0.00                           a[1] (net)
                  0.04    0.00    2.02 ^ input2/A (sky130_fd_sc_hd__clkbuf_2)
                  0.20    0.26    2.28 ^ input2/X (sky130_fd_sc_hd__clkbuf_2)
     5    0.02                           net2 (net)
                  0.20    0.00    2.28 ^ _089_/A2 (sky130_fd_sc_hd__o221a_1)
                  0.12    0.42    2.70 ^ _089_/X (sky130_fd_sc_hd__o221a_1)
     1    0.00                           _036_ (net)
                  0.12    0.00    2.70 ^ _090_/C1 (sky130_fd_sc_hd__a211o_1)
                  0.09    0.19    2.89 ^ _090_/X (sky130_fd_sc_hd__a211o_1)
     1    0.00                           net14 (net)
                  0.09    0.00    2.89 ^ output14/A (sky130_fd_sc_hd__clkbuf_4)
                  0.18    0.32    3.21 ^ output14/X (sky130_fd_sc_hd__clkbuf_4)
     1    0.03                           out[1] (net)
                  0.18    0.00    3.21 ^ out[1] (out)
                                  3.21   data arrival time

                  0.00    0.00    0.00   clock clk (rise edge)
                          0.00    0.00   clock network delay (ideal)
                          0.25    0.25   clock uncertainty
                          0.00    0.25   clock reconvergence pessimism
                         -2.00   -1.75   output external delay
                                 -1.75   data required time
-----------------------------------------------------------------------------
                                 -1.75   data required time
                                 -3.21   data arrival time
-----------------------------------------------------------------------------
                                  4.96   slack (MET)


Startpoint: b[2] (input port clocked by clk)
Endpoint: out[2] (output port clocked by clk)
Path Group: clk
Path Type: min
Corner: Slowest

Fanout     Cap    Slew   Delay    Time   Description
-----------------------------------------------------------------------------
                  0.00    0.00    0.00   clock clk (rise edge)
                          0.00    0.00   clock network delay (ideal)
                          2.00    2.00 ^ input external delay
                  0.03    0.02    2.02 ^ b[2] (in)
     1    0.00                           b[2] (net)
                  0.03    0.00    2.02 ^ input7/A (sky130_fd_sc_hd__buf_1)
                  0.20    0.22    2.23 ^ input7/X (sky130_fd_sc_hd__buf_1)
     4    0.01                           net7 (net)
                  0.20    0.00    2.23 ^ _057_/A (sky130_fd_sc_hd__or2_1)
                  0.15    0.27    2.51 ^ _057_/X (sky130_fd_sc_hd__or2_1)
     3    0.01                           _006_ (net)
                  0.15    0.00    2.51 ^ _098_/B2 (sky130_fd_sc_hd__a221o_1)
                  0.09    0.30    2.81 ^ _098_/X (sky130_fd_sc_hd__a221o_1)
     1    0.00                           _044_ (net)
                  0.09    0.00    2.81 ^ _099_/B1 (sky130_fd_sc_hd__a21o_1)
                  0.08    0.16    2.97 ^ _099_/X (sky130_fd_sc_hd__a21o_1)
     1    0.00                           net15 (net)
                  0.08    0.00    2.97 ^ output15/A (sky130_fd_sc_hd__clkbuf_4)
                  0.18    0.32    3.28 ^ output15/X (sky130_fd_sc_hd__clkbuf_4)
     1    0.03                           out[2] (net)
                  0.18    0.00    3.29 ^ out[2] (out)
                                  3.29   data arrival time

                  0.00    0.00    0.00   clock clk (rise edge)
                          0.00    0.00   clock network delay (ideal)
                          0.25    0.25   clock uncertainty
                          0.00    0.25   clock reconvergence pessimism
                         -2.00   -1.75   output external delay
                                 -1.75   data required time
-----------------------------------------------------------------------------
                                 -1.75   data required time
                                 -3.29   data arrival time
-----------------------------------------------------------------------------
                                  5.04   slack (MET)



======================= Typical Corner ===================================

Startpoint: b[0] (input port clocked by clk)
Endpoint: out[0] (output port clocked by clk)
Path Group: clk
Path Type: min
Corner: Typical

Fanout     Cap    Slew   Delay    Time   Description
-----------------------------------------------------------------------------
                  0.00    0.00    0.00   clock clk (rise edge)
                          0.00    0.00   clock network delay (ideal)
                          2.00    2.00 v input external delay
                  0.01    0.00    2.00 v b[0] (in)
     1    0.00                           b[0] (net)
                  0.01    0.00    2.00 v input5/A (sky130_fd_sc_hd__buf_1)
                  0.07    0.10    2.11 v input5/X (sky130_fd_sc_hd__buf_1)
     4    0.01                           net5 (net)
                  0.07    0.00    2.11 v _080_/A1 (sky130_fd_sc_hd__o22a_1)
                  0.06    0.22    2.33 v _080_/X (sky130_fd_sc_hd__o22a_1)
     1    0.01                           net13 (net)
                  0.06    0.00    2.33 v output13/A (sky130_fd_sc_hd__clkbuf_4)
                  0.08    0.18    2.51 v output13/X (sky130_fd_sc_hd__clkbuf_4)
     1    0.03                           out[0] (net)
                  0.08    0.00    2.51 v out[0] (out)
                                  2.51   data arrival time

                  0.00    0.00    0.00   clock clk (rise edge)
                          0.00    0.00   clock network delay (ideal)
                          0.25    0.25   clock uncertainty
                          0.00    0.25   clock reconvergence pessimism
                         -2.00   -1.75   output external delay
                                 -1.75   data required time
-----------------------------------------------------------------------------
                                 -1.75   data required time
                                 -2.51   data arrival time
-----------------------------------------------------------------------------
                                  4.26   slack (MET)


Startpoint: b[3] (input port clocked by clk)
Endpoint: out[3] (output port clocked by clk)
Path Group: clk
Path Type: min
Corner: Typical

Fanout     Cap    Slew   Delay    Time   Description
-----------------------------------------------------------------------------
                  0.00    0.00    0.00   clock clk (rise edge)
                          0.00    0.00   clock network delay (ideal)
                          2.00    2.00 ^ input external delay
                  0.02    0.01    2.01 ^ b[3] (in)
     1    0.00                           b[3] (net)
                  0.02    0.00    2.01 ^ input8/A (sky130_fd_sc_hd__buf_1)
                  0.13    0.12    2.13 ^ input8/X (sky130_fd_sc_hd__buf_1)
     4    0.01                           net8 (net)
                  0.13    0.00    2.14 ^ _105_/A (sky130_fd_sc_hd__and3_1)
                  0.05    0.15    2.29 ^ _105_/X (sky130_fd_sc_hd__and3_1)
     1    0.00                           _050_ (net)
                  0.05    0.00    2.29 ^ _106_/C1 (sky130_fd_sc_hd__a221o_1)
                  0.05    0.10    2.39 ^ _106_/X (sky130_fd_sc_hd__a221o_1)
     1    0.00                           _051_ (net)
                  0.05    0.00    2.39 ^ _107_/B1 (sky130_fd_sc_hd__a21o_1)
                  0.04    0.07    2.46 ^ _107_/X (sky130_fd_sc_hd__a21o_1)
     1    0.00                           net16 (net)
                  0.04    0.00    2.46 ^ output16/A (sky130_fd_sc_hd__clkbuf_4)
                  0.11    0.17    2.63 ^ output16/X (sky130_fd_sc_hd__clkbuf_4)
     1    0.03                           out[3] (net)
                  0.11    0.00    2.63 ^ out[3] (out)
                                  2.63   data arrival time

                  0.00    0.00    0.00   clock clk (rise edge)
                          0.00    0.00   clock network delay (ideal)
                          0.25    0.25   clock uncertainty
                          0.00    0.25   clock reconvergence pessimism
                         -2.00   -1.75   output external delay
                                 -1.75   data required time
-----------------------------------------------------------------------------
                                 -1.75   data required time
                                 -2.63   data arrival time
-----------------------------------------------------------------------------
                                  4.38   slack (MET)


Startpoint: a[1] (input port clocked by clk)
Endpoint: out[1] (output port clocked by clk)
Path Group: clk
Path Type: min
Corner: Typical

Fanout     Cap    Slew   Delay    Time   Description
-----------------------------------------------------------------------------
                  0.00    0.00    0.00   clock clk (rise edge)
                          0.00    0.00   clock network delay (ideal)
                          2.00    2.00 ^ input external delay
                  0.03    0.01    2.01 ^ a[1] (in)
     1    0.00                           a[1] (net)
                  0.03    0.00    2.01 ^ input2/A (sky130_fd_sc_hd__clkbuf_2)
                  0.13    0.15    2.16 ^ input2/X (sky130_fd_sc_hd__clkbuf_2)
     5    0.02                           net2 (net)
                  0.13    0.00    2.16 ^ _089_/A2 (sky130_fd_sc_hd__o221a_1)
                  0.07    0.19    2.36 ^ _089_/X (sky130_fd_sc_hd__o221a_1)
     1    0.00                           _036_ (net)
                  0.07    0.00    2.36 ^ _090_/C1 (sky130_fd_sc_hd__a211o_1)
                  0.05    0.10    2.46 ^ _090_/X (sky130_fd_sc_hd__a211o_1)
     1    0.01                           net14 (net)
                  0.05    0.00    2.46 ^ output14/A (sky130_fd_sc_hd__clkbuf_4)
                  0.11    0.18    2.64 ^ output14/X (sky130_fd_sc_hd__clkbuf_4)
     1    0.03                           out[1] (net)
                  0.11    0.00    2.64 ^ out[1] (out)
                                  2.64   data arrival time

                  0.00    0.00    0.00   clock clk (rise edge)
                          0.00    0.00   clock network delay (ideal)
                          0.25    0.25   clock uncertainty
                          0.00    0.25   clock reconvergence pessimism
                         -2.00   -1.75   output external delay
                                 -1.75   data required time
-----------------------------------------------------------------------------
                                 -1.75   data required time
                                 -2.64   data arrival time
-----------------------------------------------------------------------------
                                  4.39   slack (MET)


Startpoint: b[2] (input port clocked by clk)
Endpoint: out[2] (output port clocked by clk)
Path Group: clk
Path Type: min
Corner: Typical

Fanout     Cap    Slew   Delay    Time   Description
-----------------------------------------------------------------------------
                  0.00    0.00    0.00   clock clk (rise edge)
                          0.00    0.00   clock network delay (ideal)
                          2.00    2.00 v input external delay
                  0.01    0.00    2.00 v b[2] (in)
     1    0.00                           b[2] (net)
                  0.01    0.00    2.00 v input7/A (sky130_fd_sc_hd__buf_1)
                  0.06    0.10    2.10 v input7/X (sky130_fd_sc_hd__buf_1)
     4    0.01                           net7 (net)
                  0.06    0.00    2.10 v _056_/A (sky130_fd_sc_hd__nand2_1)
                  0.06    0.07    2.18 ^ _056_/Y (sky130_fd_sc_hd__nand2_1)
     2    0.01                           _005_ (net)
                  0.06    0.00    2.18 ^ _066_/A (sky130_fd_sc_hd__nand2_1)
                  0.09    0.09    2.27 v _066_/Y (sky130_fd_sc_hd__nand2_1)
     4    0.01                           _015_ (net)
                  0.09    0.00    2.27 v _092_/A1 (sky130_fd_sc_hd__a21oi_1)
                  0.09    0.13    2.39 ^ _092_/Y (sky130_fd_sc_hd__a21oi_1)
     1    0.00                           _038_ (net)
                  0.09    0.00    2.39 ^ _099_/A2 (sky130_fd_sc_hd__a21o_1)
                  0.05    0.12    2.51 ^ _099_/X (sky130_fd_sc_hd__a21o_1)
     1    0.00                           net15 (net)
                  0.05    0.00    2.51 ^ output15/A (sky130_fd_sc_hd__clkbuf_4)
                  0.11    0.18    2.69 ^ output15/X (sky130_fd_sc_hd__clkbuf_4)
     1    0.03                           out[2] (net)
                  0.11    0.00    2.69 ^ out[2] (out)
                                  2.69   data arrival time

                  0.00    0.00    0.00   clock clk (rise edge)
                          0.00    0.00   clock network delay (ideal)
                          0.25    0.25   clock uncertainty
                          0.00    0.25   clock reconvergence pessimism
                         -2.00   -1.75   output external delay
                                 -1.75   data required time
-----------------------------------------------------------------------------
                                 -1.75   data required time
                                 -2.69   data arrival time
-----------------------------------------------------------------------------
                                  4.44   slack (MET)



min_report_end
max_report

===========================================================================
report_checks -path_delay max (Setup)
============================================================================
======================= Fastest Corner ===================================

Startpoint: b[0] (input port clocked by clk)
Endpoint: out[3] (output port clocked by clk)
Path Group: clk
Path Type: max
Corner: Fastest

Fanout     Cap    Slew   Delay    Time   Description
-----------------------------------------------------------------------------
                  0.00    0.00    0.00   clock clk (rise edge)
                          0.00    0.00   clock network delay (ideal)
                          2.00    2.00 ^ input external delay
                  0.02    0.01    2.01 ^ b[0] (in)
     1    0.00                           b[0] (net)
                  0.02    0.00    2.01 ^ input5/A (sky130_fd_sc_hd__buf_1)
                  0.11    0.11    2.11 ^ input5/X (sky130_fd_sc_hd__buf_1)
     4    0.01                           net5 (net)
                  0.11    0.00    2.12 ^ _067_/B_N (sky130_fd_sc_hd__or2b_1)
                  0.05    0.16    2.28 v _067_/X (sky130_fd_sc_hd__or2b_1)
     3    0.01                           _016_ (net)
                  0.05    0.00    2.28 v _069_/A2 (sky130_fd_sc_hd__a21o_1)
                  0.04    0.14    2.42 v _069_/X (sky130_fd_sc_hd__a21o_1)
     3    0.01                           _018_ (net)
                  0.04    0.00    2.42 v _071_/A2 (sky130_fd_sc_hd__a21o_1)
                  0.03    0.13    2.55 v _071_/X (sky130_fd_sc_hd__a21o_1)
     2    0.01                           _020_ (net)
                  0.03    0.00    2.56 v _102_/B (sky130_fd_sc_hd__or2_1)
                  0.03    0.13    2.68 v _102_/X (sky130_fd_sc_hd__or2_1)
     1    0.00                           _047_ (net)
                  0.03    0.00    2.68 v _106_/A2 (sky130_fd_sc_hd__a221o_1)
                  0.03    0.19    2.87 v _106_/X (sky130_fd_sc_hd__a221o_1)
     1    0.00                           _051_ (net)
                  0.03    0.00    2.87 v _107_/B1 (sky130_fd_sc_hd__a21o_1)
                  0.02    0.07    2.94 v _107_/X (sky130_fd_sc_hd__a21o_1)
     1    0.00                           net16 (net)
                  0.02    0.00    2.94 v output16/A (sky130_fd_sc_hd__clkbuf_4)
                  0.06    0.13    3.06 v output16/X (sky130_fd_sc_hd__clkbuf_4)
     1    0.03                           out[3] (net)
                  0.06    0.00    3.07 v out[3] (out)
                                  3.07   data arrival time

                  0.00   10.00   10.00   clock clk (rise edge)
                          0.00   10.00   clock network delay (ideal)
                         -0.25    9.75   clock uncertainty
                          0.00    9.75   clock reconvergence pessimism
                         -2.00    7.75   output external delay
                                  7.75   data required time
-----------------------------------------------------------------------------
                                  7.75   data required time
                                 -3.07   data arrival time
-----------------------------------------------------------------------------
                                  4.68   slack (MET)


Startpoint: sel[0] (input port clocked by clk)
Endpoint: out[2] (output port clocked by clk)
Path Group: clk
Path Type: max
Corner: Fastest

Fanout     Cap    Slew   Delay    Time   Description
-----------------------------------------------------------------------------
                  0.00    0.00    0.00   clock clk (rise edge)
                          0.00    0.00   clock network delay (ideal)
                          2.00    2.00 ^ input external delay
                  0.01    0.01    2.01 ^ sel[0] (in)
     1    0.00                           sel[0] (net)
                  0.01    0.00    2.01 ^ input9/A (sky130_fd_sc_hd__dlymetal6s2s_1)
                  0.16    0.15    2.16 ^ input9/X (sky130_fd_sc_hd__dlymetal6s2s_1)
     6    0.02                           net9 (net)
                  0.16    0.00    2.16 ^ _053_/C_N (sky130_fd_sc_hd__or3b_2)
                  0.08    0.32    2.47 v _053_/X (sky130_fd_sc_hd__or3b_2)
     5    0.02                           _002_ (net)
                  0.08    0.00    2.48 v _083_/A (sky130_fd_sc_hd__and3_1)
                  0.05    0.14    2.62 v _083_/X (sky130_fd_sc_hd__and3_1)
     3    0.01                           _030_ (net)
                  0.05    0.00    2.62 v _097_/B1 (sky130_fd_sc_hd__o211a_1)
                  0.03    0.09    2.71 v _097_/X (sky130_fd_sc_hd__o211a_1)
     1    0.00                           _043_ (net)
                  0.03    0.00    2.71 v _098_/C1 (sky130_fd_sc_hd__a221o_1)
                  0.04    0.10    2.81 v _098_/X (sky130_fd_sc_hd__a221o_1)
     1    0.00                           _044_ (net)
                  0.04    0.00    2.81 v _099_/B1 (sky130_fd_sc_hd__a21o_1)
                  0.03    0.08    2.89 v _099_/X (sky130_fd_sc_hd__a21o_1)
     1    0.00                           net15 (net)
                  0.03    0.00    2.89 v output15/A (sky130_fd_sc_hd__clkbuf_4)
                  0.06    0.13    3.01 v output15/X (sky130_fd_sc_hd__clkbuf_4)
     1    0.03                           out[2] (net)
                  0.06    0.00    3.02 v out[2] (out)
                                  3.02   data arrival time

                  0.00   10.00   10.00   clock clk (rise edge)
                          0.00   10.00   clock network delay (ideal)
                         -0.25    9.75   clock uncertainty
                          0.00    9.75   clock reconvergence pessimism
                         -2.00    7.75   output external delay
                                  7.75   data required time
-----------------------------------------------------------------------------
                                  7.75   data required time
                                 -3.02   data arrival time
-----------------------------------------------------------------------------
                                  4.73   slack (MET)


Startpoint: sel[0] (input port clocked by clk)
Endpoint: out[1] (output port clocked by clk)
Path Group: clk
Path Type: max
Corner: Fastest

Fanout     Cap    Slew   Delay    Time   Description
-----------------------------------------------------------------------------
                  0.00    0.00    0.00   clock clk (rise edge)
                          0.00    0.00   clock network delay (ideal)
                          2.00    2.00 ^ input external delay
                  0.01    0.01    2.01 ^ sel[0] (in)
     1    0.00                           sel[0] (net)
                  0.01    0.00    2.01 ^ input9/A (sky130_fd_sc_hd__dlymetal6s2s_1)
                  0.16    0.15    2.16 ^ input9/X (sky130_fd_sc_hd__dlymetal6s2s_1)
     6    0.02                           net9 (net)
                  0.16    0.00    2.16 ^ _053_/C_N (sky130_fd_sc_hd__or3b_2)
                  0.08    0.32    2.47 v _053_/X (sky130_fd_sc_hd__or3b_2)
     5    0.02                           _002_ (net)
                  0.08    0.00    2.48 v _083_/A (sky130_fd_sc_hd__and3_1)
                  0.05    0.14    2.62 v _083_/X (sky130_fd_sc_hd__and3_1)
     3    0.01                           _030_ (net)
                  0.05    0.00    2.62 v _090_/A1 (sky130_fd_sc_hd__a211o_1)
                  0.04    0.18    2.80 v _090_/X (sky130_fd_sc_hd__a211o_1)
     1    0.00                           net14 (net)
                  0.04    0.00    2.80 v output14/A (sky130_fd_sc_hd__clkbuf_4)
                  0.06    0.13    2.93 v output14/X (sky130_fd_sc_hd__clkbuf_4)
     1    0.03                           out[1] (net)
                  0.06    0.00    2.93 v out[1] (out)
                                  2.93   data arrival time

                  0.00   10.00   10.00   clock clk (rise edge)
                          0.00   10.00   clock network delay (ideal)
                         -0.25    9.75   clock uncertainty
                          0.00    9.75   clock reconvergence pessimism
                         -2.00    7.75   output external delay
                                  7.75   data required time
-----------------------------------------------------------------------------
                                  7.75   data required time
                                 -2.93   data arrival time
-----------------------------------------------------------------------------
                                  4.82   slack (MET)


Startpoint: sel[2] (input port clocked by clk)
Endpoint: out[0] (output port clocked by clk)
Path Group: clk
Path Type: max
Corner: Fastest

Fanout     Cap    Slew   Delay    Time   Description
-----------------------------------------------------------------------------
                  0.00    0.00    0.00   clock clk (rise edge)
                          0.00    0.00   clock network delay (ideal)
                          2.00    2.00 ^ input external delay
                  0.01    0.01    2.01 ^ sel[2] (in)
     1    0.00                           sel[2] (net)
                  0.01    0.00    2.01 ^ input11/A (sky130_fd_sc_hd__buf_1)
                  0.16    0.14    2.15 ^ input11/X (sky130_fd_sc_hd__buf_1)
     3    0.02                           net11 (net)
                  0.16    0.00    2.15 ^ _075_/A (sky130_fd_sc_hd__inv_2)
                  0.06    0.05    2.20 v _075_/Y (sky130_fd_sc_hd__inv_2)
     6    0.02                           _023_ (net)
                  0.06    0.00    2.20 v _078_/A (sky130_fd_sc_hd__and2_1)
                  0.07    0.14    2.34 v _078_/X (sky130_fd_sc_hd__and2_1)
     4    0.02                           _026_ (net)
                  0.07    0.00    2.34 v _079_/A (sky130_fd_sc_hd__nor2_1)
                  0.06    0.08    2.43 ^ _079_/Y (sky130_fd_sc_hd__nor2_1)
     1    0.00                           _027_ (net)
                  0.06    0.00    2.43 ^ _080_/B2 (sky130_fd_sc_hd__o22a_1)
                  0.06    0.09    2.51 ^ _080_/X (sky130_fd_sc_hd__o22a_1)
     1    0.01                           net13 (net)
                  0.06    0.00    2.51 ^ output13/A (sky130_fd_sc_hd__clkbuf_4)
                  0.08    0.14    2.65 ^ output13/X (sky130_fd_sc_hd__clkbuf_4)
     1    0.03                           out[0] (net)
                  0.08    0.00    2.66 ^ out[0] (out)
                                  2.66   data arrival time

                  0.00   10.00   10.00   clock clk (rise edge)
                          0.00   10.00   clock network delay (ideal)
                         -0.25    9.75   clock uncertainty
                          0.00    9.75   clock reconvergence pessimism
                         -2.00    7.75   output external delay
                                  7.75   data required time
-----------------------------------------------------------------------------
                                  7.75   data required time
                                 -2.66   data arrival time
-----------------------------------------------------------------------------
                                  5.09   slack (MET)



======================= Slowest Corner ===================================

Startpoint: sel[0] (input port clocked by clk)
Endpoint: out[2] (output port clocked by clk)
Path Group: clk
Path Type: max
Corner: Slowest

Fanout     Cap    Slew   Delay    Time   Description
-----------------------------------------------------------------------------
                  0.00    0.00    0.00   clock clk (rise edge)
                          0.00    0.00   clock network delay (ideal)
                          2.00    2.00 ^ input external delay
                  0.03    0.01    2.01 ^ sel[0] (in)
     1    0.00                           sel[0] (net)
                  0.03    0.00    2.01 ^ input9/A (sky130_fd_sc_hd__dlymetal6s2s_1)
                  0.32    0.34    2.35 ^ input9/X (sky130_fd_sc_hd__dlymetal6s2s_1)
     6    0.02                           net9 (net)
                  0.32    0.00    2.35 ^ _053_/C_N (sky130_fd_sc_hd__or3b_2)
                  0.25    1.32    3.67 v _053_/X (sky130_fd_sc_hd__or3b_2)
     5    0.02                           _002_ (net)
                  0.25    0.00    3.68 v _083_/A (sky130_fd_sc_hd__and3_1)
                  0.15    0.49    4.16 v _083_/X (sky130_fd_sc_hd__and3_1)
     3    0.01                           _030_ (net)
                  0.15    0.00    4.16 v _097_/B1 (sky130_fd_sc_hd__o211a_1)
                  0.07    0.27    4.43 v _097_/X (sky130_fd_sc_hd__o211a_1)
     1    0.00                           _043_ (net)
                  0.07    0.00    4.43 v _098_/C1 (sky130_fd_sc_hd__a221o_1)
                  0.11    0.53    4.96 v _098_/X (sky130_fd_sc_hd__a221o_1)
     1    0.00                           _044_ (net)
                  0.11    0.00    4.96 v _099_/B1 (sky130_fd_sc_hd__a21o_1)
                  0.07    0.32    5.28 v _099_/X (sky130_fd_sc_hd__a21o_1)
     1    0.00                           net15 (net)
                  0.07    0.00    5.28 v output15/A (sky130_fd_sc_hd__clkbuf_4)
                  0.14    0.34    5.63 v output15/X (sky130_fd_sc_hd__clkbuf_4)
     1    0.03                           out[2] (net)
                  0.14    0.00    5.63 v out[2] (out)
                                  5.63   data arrival time

                  0.00   10.00   10.00   clock clk (rise edge)
                          0.00   10.00   clock network delay (ideal)
                         -0.25    9.75   clock uncertainty
                          0.00    9.75   clock reconvergence pessimism
                         -2.00    7.75   output external delay
                                  7.75   data required time
-----------------------------------------------------------------------------
                                  7.75   data required time
                                 -5.63   data arrival time
-----------------------------------------------------------------------------
                                  2.12   slack (MET)


Startpoint: b[0] (input port clocked by clk)
Endpoint: out[3] (output port clocked by clk)
Path Group: clk
Path Type: max
Corner: Slowest

Fanout     Cap    Slew   Delay    Time   Description
-----------------------------------------------------------------------------
                  0.00    0.00    0.00   clock clk (rise edge)
                          0.00    0.00   clock network delay (ideal)
                          2.00    2.00 ^ input external delay
                  0.04    0.02    2.02 ^ b[0] (in)
     1    0.00                           b[0] (net)
                  0.04    0.00    2.02 ^ input5/A (sky130_fd_sc_hd__buf_1)
                  0.23    0.26    2.28 ^ input5/X (sky130_fd_sc_hd__buf_1)
     4    0.01                           net5 (net)
                  0.23    0.00    2.28 ^ _067_/B_N (sky130_fd_sc_hd__or2b_1)
                  0.14    0.64    2.92 v _067_/X (sky130_fd_sc_hd__or2b_1)
     3    0.01                           _016_ (net)
                  0.14    0.00    2.92 v _069_/A2 (sky130_fd_sc_hd__a21o_1)
                  0.11    0.41    3.33 v _069_/X (sky130_fd_sc_hd__a21o_1)
     3    0.01                           _018_ (net)
                  0.11    0.00    3.33 v _071_/A2 (sky130_fd_sc_hd__a21o_1)
                  0.09    0.38    3.71 v _071_/X (sky130_fd_sc_hd__a21o_1)
     2    0.01                           _020_ (net)
                  0.09    0.00    3.71 v _102_/B (sky130_fd_sc_hd__or2_1)
                  0.10    0.49    4.20 v _102_/X (sky130_fd_sc_hd__or2_1)
     1    0.00                           _047_ (net)
                  0.10    0.00    4.20 v _106_/A2 (sky130_fd_sc_hd__a221o_1)
                  0.09    0.68    4.88 v _106_/X (sky130_fd_sc_hd__a221o_1)
     1    0.00                           _051_ (net)
                  0.09    0.00    4.88 v _107_/B1 (sky130_fd_sc_hd__a21o_1)
                  0.06    0.30    5.18 v _107_/X (sky130_fd_sc_hd__a21o_1)
     1    0.00                           net16 (net)
                  0.06    0.00    5.18 v output16/A (sky130_fd_sc_hd__clkbuf_4)
                  0.14    0.34    5.51 v output16/X (sky130_fd_sc_hd__clkbuf_4)
     1    0.03                           out[3] (net)
                  0.14    0.00    5.51 v out[3] (out)
                                  5.51   data arrival time

                  0.00   10.00   10.00   clock clk (rise edge)
                          0.00   10.00   clock network delay (ideal)
                         -0.25    9.75   clock uncertainty
                          0.00    9.75   clock reconvergence pessimism
                         -2.00    7.75   output external delay
                                  7.75   data required time
-----------------------------------------------------------------------------
                                  7.75   data required time
                                 -5.51   data arrival time
-----------------------------------------------------------------------------
                                  2.24   slack (MET)


Startpoint: sel[0] (input port clocked by clk)
Endpoint: out[1] (output port clocked by clk)
Path Group: clk
Path Type: max
Corner: Slowest

Fanout     Cap    Slew   Delay    Time   Description
-----------------------------------------------------------------------------
                  0.00    0.00    0.00   clock clk (rise edge)
                          0.00    0.00   clock network delay (ideal)
                          2.00    2.00 ^ input external delay
                  0.03    0.01    2.01 ^ sel[0] (in)
     1    0.00                           sel[0] (net)
                  0.03    0.00    2.01 ^ input9/A (sky130_fd_sc_hd__dlymetal6s2s_1)
                  0.32    0.34    2.35 ^ input9/X (sky130_fd_sc_hd__dlymetal6s2s_1)
     6    0.02                           net9 (net)
                  0.32    0.00    2.35 ^ _053_/C_N (sky130_fd_sc_hd__or3b_2)
                  0.25    1.32    3.67 v _053_/X (sky130_fd_sc_hd__or3b_2)
     5    0.02                           _002_ (net)
                  0.25    0.00    3.68 v _083_/A (sky130_fd_sc_hd__and3_1)
                  0.15    0.49    4.16 v _083_/X (sky130_fd_sc_hd__and3_1)
     3    0.01                           _030_ (net)
                  0.15    0.00    4.16 v _090_/A1 (sky130_fd_sc_hd__a211o_1)
                  0.11    0.57    4.73 v _090_/X (sky130_fd_sc_hd__a211o_1)
     1    0.00                           net14 (net)
                  0.11    0.00    4.73 v output14/A (sky130_fd_sc_hd__clkbuf_4)
                  0.14    0.36    5.09 v output14/X (sky130_fd_sc_hd__clkbuf_4)
     1    0.03                           out[1] (net)
                  0.14    0.00    5.09 v out[1] (out)
                                  5.09   data arrival time

                  0.00   10.00   10.00   clock clk (rise edge)
                          0.00   10.00   clock network delay (ideal)
                         -0.25    9.75   clock uncertainty
                          0.00    9.75   clock reconvergence pessimism
                         -2.00    7.75   output external delay
                                  7.75   data required time
-----------------------------------------------------------------------------
                                  7.75   data required time
                                 -5.09   data arrival time
-----------------------------------------------------------------------------
                                  2.66   slack (MET)


Startpoint: sel[0] (input port clocked by clk)
Endpoint: out[0] (output port clocked by clk)
Path Group: clk
Path Type: max
Corner: Slowest

Fanout     Cap    Slew   Delay    Time   Description
-----------------------------------------------------------------------------
                  0.00    0.00    0.00   clock clk (rise edge)
                          0.00    0.00   clock network delay (ideal)
                          2.00    2.00 v input external delay
                  0.02    0.01    2.01 v sel[0] (in)
     1    0.00                           sel[0] (net)
                  0.02    0.00    2.01 v input9/A (sky130_fd_sc_hd__dlymetal6s2s_1)
                  0.19    0.38    2.39 v input9/X (sky130_fd_sc_hd__dlymetal6s2s_1)
     6    0.02                           net9 (net)
                  0.19    0.00    2.39 v _076_/B2 (sky130_fd_sc_hd__a22o_1)
                  0.09    0.45    2.84 v _076_/X (sky130_fd_sc_hd__a22o_1)
     2    0.01                           _024_ (net)
                  0.09    0.00    2.84 v _077_/C (sky130_fd_sc_hd__and3_1)
                  0.07    0.39    3.23 v _077_/X (sky130_fd_sc_hd__and3_1)
     1    0.00                           _025_ (net)
                  0.07    0.00    3.23 v _080_/B1 (sky130_fd_sc_hd__o22a_1)
                  0.12    0.41    3.64 v _080_/X (sky130_fd_sc_hd__o22a_1)
     1    0.01                           net13 (net)
                  0.12    0.00    3.65 v output13/A (sky130_fd_sc_hd__clkbuf_4)
                  0.14    0.37    4.01 v output13/X (sky130_fd_sc_hd__clkbuf_4)
     1    0.03                           out[0] (net)
                  0.14    0.00    4.01 v out[0] (out)
                                  4.01   data arrival time

                  0.00   10.00   10.00   clock clk (rise edge)
                          0.00   10.00   clock network delay (ideal)
                         -0.25    9.75   clock uncertainty
                          0.00    9.75   clock reconvergence pessimism
                         -2.00    7.75   output external delay
                                  7.75   data required time
-----------------------------------------------------------------------------
                                  7.75   data required time
                                 -4.01   data arrival time
-----------------------------------------------------------------------------
                                  3.74   slack (MET)



======================= Typical Corner ===================================

Startpoint: b[0] (input port clocked by clk)
Endpoint: out[3] (output port clocked by clk)
Path Group: clk
Path Type: max
Corner: Typical

Fanout     Cap    Slew   Delay    Time   Description
-----------------------------------------------------------------------------
                  0.00    0.00    0.00   clock clk (rise edge)
                          0.00    0.00   clock network delay (ideal)
                          2.00    2.00 ^ input external delay
                  0.02    0.01    2.01 ^ b[0] (in)
     1    0.00                           b[0] (net)
                  0.02    0.00    2.01 ^ input5/A (sky130_fd_sc_hd__buf_1)
                  0.14    0.15    2.16 ^ input5/X (sky130_fd_sc_hd__buf_1)
     4    0.01                           net5 (net)
                  0.14    0.00    2.16 ^ _067_/B_N (sky130_fd_sc_hd__or2b_1)
                  0.07    0.28    2.45 v _067_/X (sky130_fd_sc_hd__or2b_1)
     3    0.01                           _016_ (net)
                  0.07    0.00    2.45 v _069_/A2 (sky130_fd_sc_hd__a21o_1)
                  0.06    0.22    2.67 v _069_/X (sky130_fd_sc_hd__a21o_1)
     3    0.01                           _018_ (net)
                  0.06    0.00    2.67 v _071_/A2 (sky130_fd_sc_hd__a21o_1)
                  0.05    0.20    2.87 v _071_/X (sky130_fd_sc_hd__a21o_1)
     2    0.01                           _020_ (net)
                  0.05    0.00    2.87 v _102_/B (sky130_fd_sc_hd__or2_1)
                  0.05    0.21    3.09 v _102_/X (sky130_fd_sc_hd__or2_1)
     1    0.00                           _047_ (net)
                  0.05    0.00    3.09 v _106_/A2 (sky130_fd_sc_hd__a221o_1)
                  0.05    0.36    3.44 v _106_/X (sky130_fd_sc_hd__a221o_1)
     1    0.00                           _051_ (net)
                  0.05    0.00    3.44 v _107_/B1 (sky130_fd_sc_hd__a21o_1)
                  0.03    0.16    3.60 v _107_/X (sky130_fd_sc_hd__a21o_1)
     1    0.00                           net16 (net)
                  0.03    0.00    3.60 v output16/A (sky130_fd_sc_hd__clkbuf_4)
                  0.08    0.19    3.79 v output16/X (sky130_fd_sc_hd__clkbuf_4)
     1    0.03                           out[3] (net)
                  0.08    0.00    3.79 v out[3] (out)
                                  3.79   data arrival time

                  0.00   10.00   10.00   clock clk (rise edge)
                          0.00   10.00   clock network delay (ideal)
                         -0.25    9.75   clock uncertainty
                          0.00    9.75   clock reconvergence pessimism
                         -2.00    7.75   output external delay
                                  7.75   data required time
-----------------------------------------------------------------------------
                                  7.75   data required time
                                 -3.79   data arrival time
-----------------------------------------------------------------------------
                                  3.96   slack (MET)


Startpoint: sel[0] (input port clocked by clk)
Endpoint: out[2] (output port clocked by clk)
Path Group: clk
Path Type: max
Corner: Typical

Fanout     Cap    Slew   Delay    Time   Description
-----------------------------------------------------------------------------
                  0.00    0.00    0.00   clock clk (rise edge)
                          0.00    0.00   clock network delay (ideal)
                          2.00    2.00 ^ input external delay
                  0.02    0.01    2.01 ^ sel[0] (in)
     1    0.00                           sel[0] (net)
                  0.02    0.00    2.01 ^ input9/A (sky130_fd_sc_hd__dlymetal6s2s_1)
                  0.21    0.20    2.21 ^ input9/X (sky130_fd_sc_hd__dlymetal6s2s_1)
     6    0.02                           net9 (net)
                  0.21    0.00    2.22 ^ _053_/C_N (sky130_fd_sc_hd__or3b_2)
                  0.12    0.56    2.78 v _053_/X (sky130_fd_sc_hd__or3b_2)
     5    0.02                           _002_ (net)
                  0.12    0.00    2.78 v _083_/A (sky130_fd_sc_hd__and3_1)
                  0.08    0.23    3.01 v _083_/X (sky130_fd_sc_hd__and3_1)
     3    0.01                           _030_ (net)
                  0.08    0.00    3.01 v _097_/B1 (sky130_fd_sc_hd__o211a_1)
                  0.04    0.14    3.14 v _097_/X (sky130_fd_sc_hd__o211a_1)
     1    0.00                           _043_ (net)
                  0.04    0.00    3.14 v _098_/C1 (sky130_fd_sc_hd__a221o_1)
                  0.06    0.28    3.42 v _098_/X (sky130_fd_sc_hd__a221o_1)
     1    0.00                           _044_ (net)
                  0.06    0.00    3.42 v _099_/B1 (sky130_fd_sc_hd__a21o_1)
                  0.04    0.17    3.59 v _099_/X (sky130_fd_sc_hd__a21o_1)
     1    0.00                           net15 (net)
                  0.04    0.00    3.59 v output15/A (sky130_fd_sc_hd__clkbuf_4)
                  0.08    0.19    3.78 v output15/X (sky130_fd_sc_hd__clkbuf_4)
     1    0.03                           out[2] (net)
                  0.08    0.00    3.78 v out[2] (out)
                                  3.78   data arrival time

                  0.00   10.00   10.00   clock clk (rise edge)
                          0.00   10.00   clock network delay (ideal)
                         -0.25    9.75   clock uncertainty
                          0.00    9.75   clock reconvergence pessimism
                         -2.00    7.75   output external delay
                                  7.75   data required time
-----------------------------------------------------------------------------
                                  7.75   data required time
                                 -3.78   data arrival time
-----------------------------------------------------------------------------
                                  3.97   slack (MET)


Startpoint: sel[0] (input port clocked by clk)
Endpoint: out[1] (output port clocked by clk)
Path Group: clk
Path Type: max
Corner: Typical

Fanout     Cap    Slew   Delay    Time   Description
-----------------------------------------------------------------------------
                  0.00    0.00    0.00   clock clk (rise edge)
                          0.00    0.00   clock network delay (ideal)
                          2.00    2.00 ^ input external delay
                  0.02    0.01    2.01 ^ sel[0] (in)
     1    0.00                           sel[0] (net)
                  0.02    0.00    2.01 ^ input9/A (sky130_fd_sc_hd__dlymetal6s2s_1)
                  0.21    0.20    2.21 ^ input9/X (sky130_fd_sc_hd__dlymetal6s2s_1)
     6    0.02                           net9 (net)
                  0.21    0.00    2.22 ^ _053_/C_N (sky130_fd_sc_hd__or3b_2)
                  0.12    0.56    2.78 v _053_/X (sky130_fd_sc_hd__or3b_2)
     5    0.02                           _002_ (net)
                  0.12    0.00    2.78 v _083_/A (sky130_fd_sc_hd__and3_1)
                  0.08    0.23    3.01 v _083_/X (sky130_fd_sc_hd__and3_1)
     3    0.01                           _030_ (net)
                  0.08    0.00    3.01 v _090_/A1 (sky130_fd_sc_hd__a211o_1)
                  0.06    0.29    3.30 v _090_/X (sky130_fd_sc_hd__a211o_1)
     1    0.00                           net14 (net)
                  0.06    0.00    3.30 v output14/A (sky130_fd_sc_hd__clkbuf_4)
                  0.08    0.20    3.49 v output14/X (sky130_fd_sc_hd__clkbuf_4)
     1    0.03                           out[1] (net)
                  0.08    0.00    3.49 v out[1] (out)
                                  3.49   data arrival time

                  0.00   10.00   10.00   clock clk (rise edge)
                          0.00   10.00   clock network delay (ideal)
                         -0.25    9.75   clock uncertainty
                          0.00    9.75   clock reconvergence pessimism
                         -2.00    7.75   output external delay
                                  7.75   data required time
-----------------------------------------------------------------------------
                                  7.75   data required time
                                 -3.49   data arrival time
-----------------------------------------------------------------------------
                                  4.26   slack (MET)


Startpoint: sel[0] (input port clocked by clk)
Endpoint: out[0] (output port clocked by clk)
Path Group: clk
Path Type: max
Corner: Typical

Fanout     Cap    Slew   Delay    Time   Description
-----------------------------------------------------------------------------
                  0.00    0.00    0.00   clock clk (rise edge)
                          0.00    0.00   clock network delay (ideal)
                          2.00    2.00 v input external delay
                  0.01    0.00    2.00 v sel[0] (in)
     1    0.00                           sel[0] (net)
                  0.01    0.00    2.00 v input9/A (sky130_fd_sc_hd__dlymetal6s2s_1)
                  0.10    0.19    2.19 v input9/X (sky130_fd_sc_hd__dlymetal6s2s_1)
     6    0.02                           net9 (net)
                  0.10    0.00    2.19 v _076_/B2 (sky130_fd_sc_hd__a22o_1)
                  0.05    0.24    2.43 v _076_/X (sky130_fd_sc_hd__a22o_1)
     2    0.01                           _024_ (net)
                  0.05    0.00    2.43 v _077_/C (sky130_fd_sc_hd__and3_1)
                  0.04    0.19    2.62 v _077_/X (sky130_fd_sc_hd__and3_1)
     1    0.00                           _025_ (net)
                  0.04    0.00    2.62 v _080_/B1 (sky130_fd_sc_hd__o22a_1)
                  0.06    0.20    2.82 v _080_/X (sky130_fd_sc_hd__o22a_1)
     1    0.01                           net13 (net)
                  0.06    0.00    2.82 v output13/A (sky130_fd_sc_hd__clkbuf_4)
                  0.08    0.20    3.02 v output13/X (sky130_fd_sc_hd__clkbuf_4)
     1    0.03                           out[0] (net)
                  0.08    0.00    3.02 v out[0] (out)
                                  3.02   data arrival time

                  0.00   10.00   10.00   clock clk (rise edge)
                          0.00   10.00   clock network delay (ideal)
                         -0.25    9.75   clock uncertainty
                          0.00    9.75   clock reconvergence pessimism
                         -2.00    7.75   output external delay
                                  7.75   data required time
-----------------------------------------------------------------------------
                                  7.75   data required time
                                 -3.02   data arrival time
-----------------------------------------------------------------------------
                                  4.73   slack (MET)



max_report_end
checks_report

===========================================================================
report_checks -unconstrained
===========================================================================
======================= Fastest Corner ===================================

Startpoint: b[0] (input port clocked by clk)
Endpoint: out[3] (output port clocked by clk)
Path Group: clk
Path Type: max
Corner: Fastest

Fanout     Cap    Slew   Delay    Time   Description
-----------------------------------------------------------------------------
                  0.00    0.00    0.00   clock clk (rise edge)
                          0.00    0.00   clock network delay (ideal)
                          2.00    2.00 ^ input external delay
                  0.02    0.01    2.01 ^ b[0] (in)
     1    0.00                           b[0] (net)
                  0.02    0.00    2.01 ^ input5/A (sky130_fd_sc_hd__buf_1)
                  0.11    0.11    2.11 ^ input5/X (sky130_fd_sc_hd__buf_1)
     4    0.01                           net5 (net)
                  0.11    0.00    2.12 ^ _067_/B_N (sky130_fd_sc_hd__or2b_1)
                  0.05    0.16    2.28 v _067_/X (sky130_fd_sc_hd__or2b_1)
     3    0.01                           _016_ (net)
                  0.05    0.00    2.28 v _069_/A2 (sky130_fd_sc_hd__a21o_1)
                  0.04    0.14    2.42 v _069_/X (sky130_fd_sc_hd__a21o_1)
     3    0.01                           _018_ (net)
                  0.04    0.00    2.42 v _071_/A2 (sky130_fd_sc_hd__a21o_1)
                  0.03    0.13    2.55 v _071_/X (sky130_fd_sc_hd__a21o_1)
     2    0.01                           _020_ (net)
                  0.03    0.00    2.56 v _102_/B (sky130_fd_sc_hd__or2_1)
                  0.03    0.13    2.68 v _102_/X (sky130_fd_sc_hd__or2_1)
     1    0.00                           _047_ (net)
                  0.03    0.00    2.68 v _106_/A2 (sky130_fd_sc_hd__a221o_1)
                  0.03    0.19    2.87 v _106_/X (sky130_fd_sc_hd__a221o_1)
     1    0.00                           _051_ (net)
                  0.03    0.00    2.87 v _107_/B1 (sky130_fd_sc_hd__a21o_1)
                  0.02    0.07    2.94 v _107_/X (sky130_fd_sc_hd__a21o_1)
     1    0.00                           net16 (net)
                  0.02    0.00    2.94 v output16/A (sky130_fd_sc_hd__clkbuf_4)
                  0.06    0.13    3.06 v output16/X (sky130_fd_sc_hd__clkbuf_4)
     1    0.03                           out[3] (net)
                  0.06    0.00    3.07 v out[3] (out)
                                  3.07   data arrival time

                  0.00   10.00   10.00   clock clk (rise edge)
                          0.00   10.00   clock network delay (ideal)
                         -0.25    9.75   clock uncertainty
                          0.00    9.75   clock reconvergence pessimism
                         -2.00    7.75   output external delay
                                  7.75   data required time
-----------------------------------------------------------------------------
                                  7.75   data required time
                                 -3.07   data arrival time
-----------------------------------------------------------------------------
                                  4.68   slack (MET)



======================= Slowest Corner ===================================

Startpoint: sel[0] (input port clocked by clk)
Endpoint: out[2] (output port clocked by clk)
Path Group: clk
Path Type: max
Corner: Slowest

Fanout     Cap    Slew   Delay    Time   Description
-----------------------------------------------------------------------------
                  0.00    0.00    0.00   clock clk (rise edge)
                          0.00    0.00   clock network delay (ideal)
                          2.00    2.00 ^ input external delay
                  0.03    0.01    2.01 ^ sel[0] (in)
     1    0.00                           sel[0] (net)
                  0.03    0.00    2.01 ^ input9/A (sky130_fd_sc_hd__dlymetal6s2s_1)
                  0.32    0.34    2.35 ^ input9/X (sky130_fd_sc_hd__dlymetal6s2s_1)
     6    0.02                           net9 (net)
                  0.32    0.00    2.35 ^ _053_/C_N (sky130_fd_sc_hd__or3b_2)
                  0.25    1.32    3.67 v _053_/X (sky130_fd_sc_hd__or3b_2)
     5    0.02                           _002_ (net)
                  0.25    0.00    3.68 v _083_/A (sky130_fd_sc_hd__and3_1)
                  0.15    0.49    4.16 v _083_/X (sky130_fd_sc_hd__and3_1)
     3    0.01                           _030_ (net)
                  0.15    0.00    4.16 v _097_/B1 (sky130_fd_sc_hd__o211a_1)
                  0.07    0.27    4.43 v _097_/X (sky130_fd_sc_hd__o211a_1)
     1    0.00                           _043_ (net)
                  0.07    0.00    4.43 v _098_/C1 (sky130_fd_sc_hd__a221o_1)
                  0.11    0.53    4.96 v _098_/X (sky130_fd_sc_hd__a221o_1)
     1    0.00                           _044_ (net)
                  0.11    0.00    4.96 v _099_/B1 (sky130_fd_sc_hd__a21o_1)
                  0.07    0.32    5.28 v _099_/X (sky130_fd_sc_hd__a21o_1)
     1    0.00                           net15 (net)
                  0.07    0.00    5.28 v output15/A (sky130_fd_sc_hd__clkbuf_4)
                  0.14    0.34    5.63 v output15/X (sky130_fd_sc_hd__clkbuf_4)
     1    0.03                           out[2] (net)
                  0.14    0.00    5.63 v out[2] (out)
                                  5.63   data arrival time

                  0.00   10.00   10.00   clock clk (rise edge)
                          0.00   10.00   clock network delay (ideal)
                         -0.25    9.75   clock uncertainty
                          0.00    9.75   clock reconvergence pessimism
                         -2.00    7.75   output external delay
                                  7.75   data required time
-----------------------------------------------------------------------------
                                  7.75   data required time
                                 -5.63   data arrival time
-----------------------------------------------------------------------------
                                  2.12   slack (MET)



======================= Typical Corner ===================================

Startpoint: b[0] (input port clocked by clk)
Endpoint: out[3] (output port clocked by clk)
Path Group: clk
Path Type: max
Corner: Typical

Fanout     Cap    Slew   Delay    Time   Description
-----------------------------------------------------------------------------
                  0.00    0.00    0.00   clock clk (rise edge)
                          0.00    0.00   clock network delay (ideal)
                          2.00    2.00 ^ input external delay
                  0.02    0.01    2.01 ^ b[0] (in)
     1    0.00                           b[0] (net)
                  0.02    0.00    2.01 ^ input5/A (sky130_fd_sc_hd__buf_1)
                  0.14    0.15    2.16 ^ input5/X (sky130_fd_sc_hd__buf_1)
     4    0.01                           net5 (net)
                  0.14    0.00    2.16 ^ _067_/B_N (sky130_fd_sc_hd__or2b_1)
                  0.07    0.28    2.45 v _067_/X (sky130_fd_sc_hd__or2b_1)
     3    0.01                           _016_ (net)
                  0.07    0.00    2.45 v _069_/A2 (sky130_fd_sc_hd__a21o_1)
                  0.06    0.22    2.67 v _069_/X (sky130_fd_sc_hd__a21o_1)
     3    0.01                           _018_ (net)
                  0.06    0.00    2.67 v _071_/A2 (sky130_fd_sc_hd__a21o_1)
                  0.05    0.20    2.87 v _071_/X (sky130_fd_sc_hd__a21o_1)
     2    0.01                           _020_ (net)
                  0.05    0.00    2.87 v _102_/B (sky130_fd_sc_hd__or2_1)
                  0.05    0.21    3.09 v _102_/X (sky130_fd_sc_hd__or2_1)
     1    0.00                           _047_ (net)
                  0.05    0.00    3.09 v _106_/A2 (sky130_fd_sc_hd__a221o_1)
                  0.05    0.36    3.44 v _106_/X (sky130_fd_sc_hd__a221o_1)
     1    0.00                           _051_ (net)
                  0.05    0.00    3.44 v _107_/B1 (sky130_fd_sc_hd__a21o_1)
                  0.03    0.16    3.60 v _107_/X (sky130_fd_sc_hd__a21o_1)
     1    0.00                           net16 (net)
                  0.03    0.00    3.60 v output16/A (sky130_fd_sc_hd__clkbuf_4)
                  0.08    0.19    3.79 v output16/X (sky130_fd_sc_hd__clkbuf_4)
     1    0.03                           out[3] (net)
                  0.08    0.00    3.79 v out[3] (out)
                                  3.79   data arrival time

                  0.00   10.00   10.00   clock clk (rise edge)
                          0.00   10.00   clock network delay (ideal)
                         -0.25    9.75   clock uncertainty
                          0.00    9.75   clock reconvergence pessimism
                         -2.00    7.75   output external delay
                                  7.75   data required time
-----------------------------------------------------------------------------
                                  7.75   data required time
                                 -3.79   data arrival time
-----------------------------------------------------------------------------
                                  3.96   slack (MET)




===========================================================================
report_checks --slack_max -0.01
============================================================================
======================= Fastest Corner ===================================

No paths found.

======================= Slowest Corner ===================================

No paths found.

======================= Typical Corner ===================================

No paths found.


===========================================================================
 report_check_types -max_slew -max_cap -max_fanout -violators
============================================================================
======================= Fastest Corner ===================================


======================= Slowest Corner ===================================


======================= Typical Corner ===================================



===========================================================================
report_parasitic_annotation -report_unannotated
============================================================================
Found 0 unannotated drivers.
Found 0 partially unannotated drivers.

===========================================================================
max slew violation count 0
max fanout violation count 0
max cap violation count 0
============================================================================

===========================================================================
check_setup -verbose -unconstrained_endpoints -multiple_clock -no_clock -no_input_delay -loops -generated_clocks
===========================================================================
Warning: There is 1 unclocked register/latch pin.
  _110_/GATE_N
Warning: There are 2 unconstrained endpoints.
  carry
  _110_/D
checks_report_end
power_report

===========================================================================
 report_power
============================================================================
======================= Fastest Corner ===================================

Group                  Internal  Switching    Leakage      Total
                          Power      Power      Power      Power (Watts)
----------------------------------------------------------------
Sequential             8.82e-07   1.65e-07   3.22e-09   1.05e-06   2.8%
Combinational          1.49e-05   2.17e-05   6.16e-10   3.66e-05  97.2%
Macro                  0.00e+00   0.00e+00   0.00e+00   0.00e+00   0.0%
Pad                    0.00e+00   0.00e+00   0.00e+00   0.00e+00   0.0%
----------------------------------------------------------------
Total                  1.58e-05   2.19e-05   3.83e-09   3.77e-05 100.0%
                          42.0%      58.0%       0.0%

======================= Slowest Corner ===================================

Group                  Internal  Switching    Leakage      Total
                          Power      Power      Power      Power (Watts)
----------------------------------------------------------------
Sequential             6.24e-07   1.10e-07   1.28e-08   7.46e-07   2.8%
Combinational          1.13e-05   1.44e-05   3.30e-07   2.61e-05  97.2%
Macro                  0.00e+00   0.00e+00   0.00e+00   0.00e+00   0.0%
Pad                    0.00e+00   0.00e+00   0.00e+00   0.00e+00   0.0%
----------------------------------------------------------------
Total                  1.20e-05   1.45e-05   3.43e-07   2.68e-05 100.0%
                          44.6%      54.2%       1.3%

======================= Typical Corner ===================================

Group                  Internal  Switching    Leakage      Total
                          Power      Power      Power      Power (Watts)
----------------------------------------------------------------
Sequential             7.71e-07   1.39e-07   3.21e-09   9.13e-07   2.8%
Combinational          1.37e-05   1.83e-05   4.77e-10   3.21e-05  97.2%
Macro                  0.00e+00   0.00e+00   0.00e+00   0.00e+00   0.0%
Pad                    0.00e+00   0.00e+00   0.00e+00   0.00e+00   0.0%
----------------------------------------------------------------
Total                  1.45e-05   1.85e-05   3.69e-09   3.30e-05 100.0%
                          43.9%      56.1%       0.0%

power_report_end
skew_report

===========================================================================
report_clock_skew
============================================================================
Clock clk
No launch/capture paths found.

skew_report_end
summary_report

===========================================================================
report_tns
============================================================================
tns 0.00

===========================================================================
report_wns
============================================================================
wns 0.00

===========================================================================
report_worst_slack -max (Setup)
============================================================================
worst slack 2.12

===========================================================================
report_worst_slack -min (Hold)
============================================================================
worst slack 4.08
summary_report_end
[WARNING] Did not save OpenROAD database!
Writing SDF files for all corners…
Writing SDF for the Fastest corner to /openlane/designs/alu/runs/RUN_2025.07.27_12.38.31/results/routing/mca/process_corner_max/alu.Fastest.sdf…
Writing SDF for the Slowest corner to /openlane/designs/alu/runs/RUN_2025.07.27_12.38.31/results/routing/mca/process_corner_max/alu.Slowest.sdf…
Writing SDF for the Typical corner to /openlane/designs/alu/runs/RUN_2025.07.27_12.38.31/results/routing/mca/process_corner_max/alu.Typical.sdf…
Writing timing models for all corners…
Writing timing models for the Fastest corner to /openlane/designs/alu/runs/RUN_2025.07.27_12.38.31/results/routing/mca/process_corner_max/alu.Fastest.lib…
Writing timing models for the Slowest corner to /openlane/designs/alu/runs/RUN_2025.07.27_12.38.31/results/routing/mca/process_corner_max/alu.Slowest.lib…
Writing timing models for the Typical corner to /openlane/designs/alu/runs/RUN_2025.07.27_12.38.31/results/routing/mca/process_corner_max/alu.Typical.lib…
