OpenSTA 2.4.0 41a51eaf4c Copyright (c) 2021, Parallax Software, Inc.
License GPLv3: GNU GPL version 3 <http://gnu.org/licenses/gpl.html>

This is free software, and you are free to change and redistribute it
under certain conditions; type `show_copying' for details. 
This program comes with ABSOLUTELY NO WARRANTY; for details type `show_warranty'.
define_corners Typical
read_liberty -corner Typical /home/nidesh/.ciel/sky130A/libs.ref/sky130_fd_sc_hd/lib/sky130_fd_sc_hd__tt_025C_1v80.lib
Using 1e-12 for capacitance...
Using 1e+03 for resistance...
Using 1e-09 for time...
Using 1e+00 for voltage...
Using 1e-03 for current...
Using 1e-09 for power...
Using 1e-06 for distance...
Reading netlist '/openlane/designs/alu/runs/RUN_2025.07.27_12.38.31/results/routing/alu.nl.v'…
Warning: /openlane/designs/alu/runs/RUN_2025.07.27_12.38.31/results/routing/alu.nl.v line 322, module sky130_fd_sc_hd__tapvpwrvgnd_1 not found. Creating black box for TAP_28.
Warning: /openlane/designs/alu/runs/RUN_2025.07.27_12.38.31/results/routing/alu.nl.v line 371, module sky130_fd_sc_hd__fill_2 not found. Creating black box for FILLER_0_0_15.
Warning: /openlane/designs/alu/runs/RUN_2025.07.27_12.38.31/results/routing/alu.nl.v line 373, module sky130_ef_sc_hd__decap_12 not found. Creating black box for FILLER_0_0_29.
Warning: /openlane/designs/alu/runs/RUN_2025.07.27_12.38.31/results/routing/alu.nl.v line 376, module sky130_fd_sc_hd__fill_1 not found. Creating black box for FILLER_0_0_55.
Reading design constraints file at '/openlane/designs/alu/runs/RUN_2025.07.27_12.38.31/tmp/17-alu.sdc'…
min_report

===========================================================================
report_checks -path_delay min (Hold)
============================================================================
======================= Typical Corner ===================================

Startpoint: b[0] (input port clocked by clk)
Endpoint: out[0] (output port clocked by clk)
Path Group: clk
Path Type: min

Fanout     Cap    Slew   Delay    Time   Description
-----------------------------------------------------------------------------
                  0.00    0.00    0.00   clock clk (rise edge)
                          0.00    0.00   clock network delay (ideal)
                          2.00    2.00 v input external delay
                  0.01    0.00    2.00 v b[0] (in)
     1    0.00                           b[0] (net)
                  0.01    0.00    2.00 v input5/A (sky130_fd_sc_hd__buf_1)
                  0.07    0.10    2.11 v input5/X (sky130_fd_sc_hd__buf_1)
     4    0.01                           net5 (net)
                  0.07    0.00    2.11 v _080_/A1 (sky130_fd_sc_hd__o22a_1)
                  0.05    0.22    2.33 v _080_/X (sky130_fd_sc_hd__o22a_1)
     1    0.01                           net13 (net)
                  0.05    0.00    2.33 v output13/A (sky130_fd_sc_hd__clkbuf_4)
                  0.08    0.18    2.51 v output13/X (sky130_fd_sc_hd__clkbuf_4)
     1    0.03                           out[0] (net)
                  0.08    0.00    2.51 v out[0] (out)
                                  2.51   data arrival time

                  0.00    0.00    0.00   clock clk (rise edge)
                          0.00    0.00   clock network delay (ideal)
                          0.25    0.25   clock uncertainty
                          0.00    0.25   clock reconvergence pessimism
                         -2.00   -1.75   output external delay
                                 -1.75   data required time
-----------------------------------------------------------------------------
                                 -1.75   data required time
                                 -2.51   data arrival time
-----------------------------------------------------------------------------
                                  4.26   slack (MET)


Startpoint: b[3] (input port clocked by clk)
Endpoint: out[3] (output port clocked by clk)
Path Group: clk
Path Type: min

Fanout     Cap    Slew   Delay    Time   Description
-----------------------------------------------------------------------------
                  0.00    0.00    0.00   clock clk (rise edge)
                          0.00    0.00   clock network delay (ideal)
                          2.00    2.00 ^ input external delay
                  0.02    0.01    2.01 ^ b[3] (in)
     1    0.00                           b[3] (net)
                  0.02    0.00    2.01 ^ input8/A (sky130_fd_sc_hd__buf_1)
                  0.12    0.12    2.13 ^ input8/X (sky130_fd_sc_hd__buf_1)
     4    0.01                           net8 (net)
                  0.12    0.00    2.13 ^ _105_/A (sky130_fd_sc_hd__and3_1)
                  0.05    0.15    2.29 ^ _105_/X (sky130_fd_sc_hd__and3_1)
     1    0.00                           _050_ (net)
                  0.05    0.00    2.29 ^ _106_/C1 (sky130_fd_sc_hd__a221o_1)
                  0.04    0.10    2.38 ^ _106_/X (sky130_fd_sc_hd__a221o_1)
     1    0.00                           _051_ (net)
                  0.04    0.00    2.38 ^ _107_/B1 (sky130_fd_sc_hd__a21o_1)
                  0.04    0.07    2.46 ^ _107_/X (sky130_fd_sc_hd__a21o_1)
     1    0.00                           net16 (net)
                  0.04    0.00    2.46 ^ output16/A (sky130_fd_sc_hd__clkbuf_4)
                  0.11    0.17    2.63 ^ output16/X (sky130_fd_sc_hd__clkbuf_4)
     1    0.03                           out[3] (net)
                  0.11    0.00    2.63 ^ out[3] (out)
                                  2.63   data arrival time

                  0.00    0.00    0.00   clock clk (rise edge)
                          0.00    0.00   clock network delay (ideal)
                          0.25    0.25   clock uncertainty
                          0.00    0.25   clock reconvergence pessimism
                         -2.00   -1.75   output external delay
                                 -1.75   data required time
-----------------------------------------------------------------------------
                                 -1.75   data required time
                                 -2.63   data arrival time
-----------------------------------------------------------------------------
                                  4.38   slack (MET)


Startpoint: a[1] (input port clocked by clk)
Endpoint: out[1] (output port clocked by clk)
Path Group: clk
Path Type: min

Fanout     Cap    Slew   Delay    Time   Description
-----------------------------------------------------------------------------
                  0.00    0.00    0.00   clock clk (rise edge)
                          0.00    0.00   clock network delay (ideal)
                          2.00    2.00 ^ input external delay
                  0.02    0.01    2.01 ^ a[1] (in)
     1    0.00                           a[1] (net)
                  0.02    0.00    2.01 ^ input2/A (sky130_fd_sc_hd__clkbuf_2)
                  0.13    0.15    2.16 ^ input2/X (sky130_fd_sc_hd__clkbuf_2)
     5    0.02                           net2 (net)
                  0.13    0.00    2.16 ^ _089_/A2 (sky130_fd_sc_hd__o221a_1)
                  0.07    0.19    2.35 ^ _089_/X (sky130_fd_sc_hd__o221a_1)
     1    0.00                           _036_ (net)
                  0.07    0.00    2.35 ^ _090_/C1 (sky130_fd_sc_hd__a211o_1)
                  0.05    0.10    2.45 ^ _090_/X (sky130_fd_sc_hd__a211o_1)
     1    0.00                           net14 (net)
                  0.05    0.00    2.45 ^ output14/A (sky130_fd_sc_hd__clkbuf_4)
                  0.11    0.18    2.63 ^ output14/X (sky130_fd_sc_hd__clkbuf_4)
     1    0.03                           out[1] (net)
                  0.11    0.00    2.63 ^ out[1] (out)
                                  2.63   data arrival time

                  0.00    0.00    0.00   clock clk (rise edge)
                          0.00    0.00   clock network delay (ideal)
                          0.25    0.25   clock uncertainty
                          0.00    0.25   clock reconvergence pessimism
                         -2.00   -1.75   output external delay
                                 -1.75   data required time
-----------------------------------------------------------------------------
                                 -1.75   data required time
                                 -2.63   data arrival time
-----------------------------------------------------------------------------
                                  4.38   slack (MET)


Startpoint: b[2] (input port clocked by clk)
Endpoint: out[2] (output port clocked by clk)
Path Group: clk
Path Type: min

Fanout     Cap    Slew   Delay    Time   Description
-----------------------------------------------------------------------------
                  0.00    0.00    0.00   clock clk (rise edge)
                          0.00    0.00   clock network delay (ideal)
                          2.00    2.00 v input external delay
                  0.01    0.00    2.00 v b[2] (in)
     1    0.00                           b[2] (net)
                  0.01    0.00    2.00 v input7/A (sky130_fd_sc_hd__buf_1)
                  0.06    0.10    2.10 v input7/X (sky130_fd_sc_hd__buf_1)
     4    0.01                           net7 (net)
                  0.06    0.00    2.10 v _056_/A (sky130_fd_sc_hd__nand2_1)
                  0.06    0.07    2.17 ^ _056_/Y (sky130_fd_sc_hd__nand2_1)
     2    0.01                           _005_ (net)
                  0.06    0.00    2.17 ^ _066_/A (sky130_fd_sc_hd__nand2_1)
                  0.08    0.09    2.26 v _066_/Y (sky130_fd_sc_hd__nand2_1)
     4    0.01                           _015_ (net)
                  0.08    0.00    2.26 v _092_/A1 (sky130_fd_sc_hd__a21oi_1)
                  0.09    0.13    2.39 ^ _092_/Y (sky130_fd_sc_hd__a21oi_1)
     1    0.00                           _038_ (net)
                  0.09    0.00    2.39 ^ _099_/A2 (sky130_fd_sc_hd__a21o_1)
                  0.05    0.12    2.51 ^ _099_/X (sky130_fd_sc_hd__a21o_1)
     1    0.00                           net15 (net)
                  0.05    0.00    2.51 ^ output15/A (sky130_fd_sc_hd__clkbuf_4)
                  0.11    0.18    2.68 ^ output15/X (sky130_fd_sc_hd__clkbuf_4)
     1    0.03                           out[2] (net)
                  0.11    0.00    2.68 ^ out[2] (out)
                                  2.68   data arrival time

                  0.00    0.00    0.00   clock clk (rise edge)
                          0.00    0.00   clock network delay (ideal)
                          0.25    0.25   clock uncertainty
                          0.00    0.25   clock reconvergence pessimism
                         -2.00   -1.75   output external delay
                                 -1.75   data required time
-----------------------------------------------------------------------------
                                 -1.75   data required time
                                 -2.68   data arrival time
-----------------------------------------------------------------------------
                                  4.43   slack (MET)



min_report_end
max_report

===========================================================================
report_checks -path_delay max (Setup)
============================================================================
======================= Typical Corner ===================================

Startpoint: b[0] (input port clocked by clk)
Endpoint: out[3] (output port clocked by clk)
Path Group: clk
Path Type: max

Fanout     Cap    Slew   Delay    Time   Description
-----------------------------------------------------------------------------
                  0.00    0.00    0.00   clock clk (rise edge)
                          0.00    0.00   clock network delay (ideal)
                          2.00    2.00 ^ input external delay
                  0.02    0.01    2.01 ^ b[0] (in)
     1    0.00                           b[0] (net)
                  0.02    0.00    2.01 ^ input5/A (sky130_fd_sc_hd__buf_1)
                  0.14    0.15    2.16 ^ input5/X (sky130_fd_sc_hd__buf_1)
     4    0.01                           net5 (net)
                  0.14    0.00    2.16 ^ _067_/B_N (sky130_fd_sc_hd__or2b_1)
                  0.07    0.28    2.44 v _067_/X (sky130_fd_sc_hd__or2b_1)
     3    0.01                           _016_ (net)
                  0.07    0.00    2.44 v _069_/A2 (sky130_fd_sc_hd__a21o_1)
                  0.06    0.22    2.66 v _069_/X (sky130_fd_sc_hd__a21o_1)
     3    0.01                           _018_ (net)
                  0.06    0.00    2.66 v _071_/A2 (sky130_fd_sc_hd__a21o_1)
                  0.05    0.20    2.86 v _071_/X (sky130_fd_sc_hd__a21o_1)
     2    0.01                           _020_ (net)
                  0.05    0.00    2.86 v _102_/B (sky130_fd_sc_hd__or2_1)
                  0.05    0.21    3.08 v _102_/X (sky130_fd_sc_hd__or2_1)
     1    0.00                           _047_ (net)
                  0.05    0.00    3.08 v _106_/A2 (sky130_fd_sc_hd__a221o_1)
                  0.05    0.36    3.43 v _106_/X (sky130_fd_sc_hd__a221o_1)
     1    0.00                           _051_ (net)
                  0.05    0.00    3.43 v _107_/B1 (sky130_fd_sc_hd__a21o_1)
                  0.03    0.16    3.59 v _107_/X (sky130_fd_sc_hd__a21o_1)
     1    0.00                           net16 (net)
                  0.03    0.00    3.59 v output16/A (sky130_fd_sc_hd__clkbuf_4)
                  0.08    0.19    3.78 v output16/X (sky130_fd_sc_hd__clkbuf_4)
     1    0.03                           out[3] (net)
                  0.08    0.00    3.78 v out[3] (out)
                                  3.78   data arrival time

                  0.00   10.00   10.00   clock clk (rise edge)
                          0.00   10.00   clock network delay (ideal)
                         -0.25    9.75   clock uncertainty
                          0.00    9.75   clock reconvergence pessimism
                         -2.00    7.75   output external delay
                                  7.75   data required time
-----------------------------------------------------------------------------
                                  7.75   data required time
                                 -3.78   data arrival time
-----------------------------------------------------------------------------
                                  3.97   slack (MET)


Startpoint: sel[0] (input port clocked by clk)
Endpoint: out[2] (output port clocked by clk)
Path Group: clk
Path Type: max

Fanout     Cap    Slew   Delay    Time   Description
-----------------------------------------------------------------------------
                  0.00    0.00    0.00   clock clk (rise edge)
                          0.00    0.00   clock network delay (ideal)
                          2.00    2.00 ^ input external delay
                  0.02    0.01    2.01 ^ sel[0] (in)
     1    0.00                           sel[0] (net)
                  0.02    0.00    2.01 ^ input9/A (sky130_fd_sc_hd__dlymetal6s2s_1)
                  0.20    0.20    2.21 ^ input9/X (sky130_fd_sc_hd__dlymetal6s2s_1)
     6    0.02                           net9 (net)
                  0.20    0.00    2.21 ^ _053_/C_N (sky130_fd_sc_hd__or3b_2)
                  0.12    0.56    2.77 v _053_/X (sky130_fd_sc_hd__or3b_2)
     5    0.02                           _002_ (net)
                  0.12    0.00    2.77 v _083_/A (sky130_fd_sc_hd__and3_1)
                  0.08    0.22    2.99 v _083_/X (sky130_fd_sc_hd__and3_1)
     3    0.01                           _030_ (net)
                  0.08    0.00    3.00 v _097_/B1 (sky130_fd_sc_hd__o211a_1)
                  0.04    0.14    3.13 v _097_/X (sky130_fd_sc_hd__o211a_1)
     1    0.00                           _043_ (net)
                  0.04    0.00    3.13 v _098_/C1 (sky130_fd_sc_hd__a221o_1)
                  0.06    0.27    3.41 v _098_/X (sky130_fd_sc_hd__a221o_1)
     1    0.00                           _044_ (net)
                  0.06    0.00    3.41 v _099_/B1 (sky130_fd_sc_hd__a21o_1)
                  0.04    0.17    3.57 v _099_/X (sky130_fd_sc_hd__a21o_1)
     1    0.00                           net15 (net)
                  0.04    0.00    3.57 v output15/A (sky130_fd_sc_hd__clkbuf_4)
                  0.08    0.19    3.76 v output15/X (sky130_fd_sc_hd__clkbuf_4)
     1    0.03                           out[2] (net)
                  0.08    0.00    3.76 v out[2] (out)
                                  3.76   data arrival time

                  0.00   10.00   10.00   clock clk (rise edge)
                          0.00   10.00   clock network delay (ideal)
                         -0.25    9.75   clock uncertainty
                          0.00    9.75   clock reconvergence pessimism
                         -2.00    7.75   output external delay
                                  7.75   data required time
-----------------------------------------------------------------------------
                                  7.75   data required time
                                 -3.76   data arrival time
-----------------------------------------------------------------------------
                                  3.99   slack (MET)


Startpoint: sel[0] (input port clocked by clk)
Endpoint: out[1] (output port clocked by clk)
Path Group: clk
Path Type: max

Fanout     Cap    Slew   Delay    Time   Description
-----------------------------------------------------------------------------
                  0.00    0.00    0.00   clock clk (rise edge)
                          0.00    0.00   clock network delay (ideal)
                          2.00    2.00 ^ input external delay
                  0.02    0.01    2.01 ^ sel[0] (in)
     1    0.00                           sel[0] (net)
                  0.02    0.00    2.01 ^ input9/A (sky130_fd_sc_hd__dlymetal6s2s_1)
                  0.20    0.20    2.21 ^ input9/X (sky130_fd_sc_hd__dlymetal6s2s_1)
     6    0.02                           net9 (net)
                  0.20    0.00    2.21 ^ _053_/C_N (sky130_fd_sc_hd__or3b_2)
                  0.12    0.56    2.77 v _053_/X (sky130_fd_sc_hd__or3b_2)
     5    0.02                           _002_ (net)
                  0.12    0.00    2.77 v _083_/A (sky130_fd_sc_hd__and3_1)
                  0.08    0.22    2.99 v _083_/X (sky130_fd_sc_hd__and3_1)
     3    0.01                           _030_ (net)
                  0.08    0.00    3.00 v _090_/A1 (sky130_fd_sc_hd__a211o_1)
                  0.06    0.29    3.28 v _090_/X (sky130_fd_sc_hd__a211o_1)
     1    0.00                           net14 (net)
                  0.06    0.00    3.28 v output14/A (sky130_fd_sc_hd__clkbuf_4)
                  0.08    0.20    3.48 v output14/X (sky130_fd_sc_hd__clkbuf_4)
     1    0.03                           out[1] (net)
                  0.08    0.00    3.48 v out[1] (out)
                                  3.48   data arrival time

                  0.00   10.00   10.00   clock clk (rise edge)
                          0.00   10.00   clock network delay (ideal)
                         -0.25    9.75   clock uncertainty
                          0.00    9.75   clock reconvergence pessimism
                         -2.00    7.75   output external delay
                                  7.75   data required time
-----------------------------------------------------------------------------
                                  7.75   data required time
                                 -3.48   data arrival time
-----------------------------------------------------------------------------
                                  4.27   slack (MET)


Startpoint: sel[0] (input port clocked by clk)
Endpoint: out[0] (output port clocked by clk)
Path Group: clk
Path Type: max

Fanout     Cap    Slew   Delay    Time   Description
-----------------------------------------------------------------------------
                  0.00    0.00    0.00   clock clk (rise edge)
                          0.00    0.00   clock network delay (ideal)
                          2.00    2.00 v input external delay
                  0.01    0.00    2.00 v sel[0] (in)
     1    0.00                           sel[0] (net)
                  0.01    0.00    2.00 v input9/A (sky130_fd_sc_hd__dlymetal6s2s_1)
                  0.10    0.18    2.19 v input9/X (sky130_fd_sc_hd__dlymetal6s2s_1)
     6    0.02                           net9 (net)
                  0.10    0.00    2.19 v _076_/B2 (sky130_fd_sc_hd__a22o_1)
                  0.05    0.24    2.43 v _076_/X (sky130_fd_sc_hd__a22o_1)
     2    0.01                           _024_ (net)
                  0.05    0.00    2.43 v _077_/C (sky130_fd_sc_hd__and3_1)
                  0.04    0.19    2.61 v _077_/X (sky130_fd_sc_hd__and3_1)
     1    0.00                           _025_ (net)
                  0.04    0.00    2.61 v _080_/B1 (sky130_fd_sc_hd__o22a_1)
                  0.06    0.20    2.81 v _080_/X (sky130_fd_sc_hd__o22a_1)
     1    0.01                           net13 (net)
                  0.06    0.00    2.81 v output13/A (sky130_fd_sc_hd__clkbuf_4)
                  0.08    0.20    3.01 v output13/X (sky130_fd_sc_hd__clkbuf_4)
     1    0.03                           out[0] (net)
                  0.08    0.00    3.01 v out[0] (out)
                                  3.01   data arrival time

                  0.00   10.00   10.00   clock clk (rise edge)
                          0.00   10.00   clock network delay (ideal)
                         -0.25    9.75   clock uncertainty
                          0.00    9.75   clock reconvergence pessimism
                         -2.00    7.75   output external delay
                                  7.75   data required time
-----------------------------------------------------------------------------
                                  7.75   data required time
                                 -3.01   data arrival time
-----------------------------------------------------------------------------
                                  4.74   slack (MET)



max_report_end
checks_report

===========================================================================
report_checks -unconstrained
===========================================================================
======================= Typical Corner ===================================

Startpoint: b[0] (input port clocked by clk)
Endpoint: out[3] (output port clocked by clk)
Path Group: clk
Path Type: max

Fanout     Cap    Slew   Delay    Time   Description
-----------------------------------------------------------------------------
                  0.00    0.00    0.00   clock clk (rise edge)
                          0.00    0.00   clock network delay (ideal)
                          2.00    2.00 ^ input external delay
                  0.02    0.01    2.01 ^ b[0] (in)
     1    0.00                           b[0] (net)
                  0.02    0.00    2.01 ^ input5/A (sky130_fd_sc_hd__buf_1)
                  0.14    0.15    2.16 ^ input5/X (sky130_fd_sc_hd__buf_1)
     4    0.01                           net5 (net)
                  0.14    0.00    2.16 ^ _067_/B_N (sky130_fd_sc_hd__or2b_1)
                  0.07    0.28    2.44 v _067_/X (sky130_fd_sc_hd__or2b_1)
     3    0.01                           _016_ (net)
                  0.07    0.00    2.44 v _069_/A2 (sky130_fd_sc_hd__a21o_1)
                  0.06    0.22    2.66 v _069_/X (sky130_fd_sc_hd__a21o_1)
     3    0.01                           _018_ (net)
                  0.06    0.00    2.66 v _071_/A2 (sky130_fd_sc_hd__a21o_1)
                  0.05    0.20    2.86 v _071_/X (sky130_fd_sc_hd__a21o_1)
     2    0.01                           _020_ (net)
                  0.05    0.00    2.86 v _102_/B (sky130_fd_sc_hd__or2_1)
                  0.05    0.21    3.08 v _102_/X (sky130_fd_sc_hd__or2_1)
     1    0.00                           _047_ (net)
                  0.05    0.00    3.08 v _106_/A2 (sky130_fd_sc_hd__a221o_1)
                  0.05    0.36    3.43 v _106_/X (sky130_fd_sc_hd__a221o_1)
     1    0.00                           _051_ (net)
                  0.05    0.00    3.43 v _107_/B1 (sky130_fd_sc_hd__a21o_1)
                  0.03    0.16    3.59 v _107_/X (sky130_fd_sc_hd__a21o_1)
     1    0.00                           net16 (net)
                  0.03    0.00    3.59 v output16/A (sky130_fd_sc_hd__clkbuf_4)
                  0.08    0.19    3.78 v output16/X (sky130_fd_sc_hd__clkbuf_4)
     1    0.03                           out[3] (net)
                  0.08    0.00    3.78 v out[3] (out)
                                  3.78   data arrival time

                  0.00   10.00   10.00   clock clk (rise edge)
                          0.00   10.00   clock network delay (ideal)
                         -0.25    9.75   clock uncertainty
                          0.00    9.75   clock reconvergence pessimism
                         -2.00    7.75   output external delay
                                  7.75   data required time
-----------------------------------------------------------------------------
                                  7.75   data required time
                                 -3.78   data arrival time
-----------------------------------------------------------------------------
                                  3.97   slack (MET)




===========================================================================
report_checks --slack_max -0.01
============================================================================
======================= Typical Corner ===================================

No paths found.


===========================================================================
 report_check_types -max_slew -max_cap -max_fanout -violators
============================================================================
======================= Typical Corner ===================================



===========================================================================
report_parasitic_annotation -report_unannotated
============================================================================
Found 0 unannotated drivers.
Found 0 partially unannotated drivers.

===========================================================================
max slew violation count 0
max fanout violation count 0
max cap violation count 0
============================================================================

===========================================================================
check_setup -verbose -unconstrained_endpoints -multiple_clock -no_clock -no_input_delay -loops -generated_clocks
===========================================================================
Warning: There is 1 unclocked register/latch pin.
  _110_/GATE_N
Warning: There are 2 unconstrained endpoints.
  carry
  _110_/D
checks_report_end
power_report

===========================================================================
 report_power
============================================================================
======================= Typical Corner ===================================

Group                  Internal  Switching    Leakage      Total
                          Power      Power      Power      Power (Watts)
----------------------------------------------------------------
Sequential             7.70e-07   1.36e-07   8.12e-12   9.06e-07   2.8%
Combinational          1.37e-05   1.80e-05   4.84e-10   3.17e-05  97.2%
Macro                  0.00e+00   0.00e+00   0.00e+00   0.00e+00   0.0%
Pad                    0.00e+00   0.00e+00   0.00e+00   0.00e+00   0.0%
----------------------------------------------------------------
Total                  1.45e-05   1.81e-05   4.92e-10   3.26e-05 100.0%
                          44.4%      55.6%       0.0%

power_report_end
skew_report

===========================================================================
report_clock_skew
============================================================================
Clock clk
No launch/capture paths found.

skew_report_end
summary_report

===========================================================================
report_tns
============================================================================
tns 0.00

===========================================================================
report_wns
============================================================================
wns 0.00

===========================================================================
report_worst_slack -max (Setup)
============================================================================
worst slack 3.97

===========================================================================
report_worst_slack -min (Hold)
============================================================================
worst slack 4.26
summary_report_end
[WARNING] Did not save OpenROAD database!
Writing SDF to '/openlane/designs/alu/runs/RUN_2025.07.27_12.38.31/results/routing/mca/process_corner_nom/alu.sdf'…
Writing timing model to '/openlane/designs/alu/runs/RUN_2025.07.27_12.38.31/results/routing/mca/process_corner_nom/alu.lib'…
