OpenSTA 2.4.0 41a51eaf4c Copyright (c) 2021, Parallax Software, Inc.
License GPLv3: GNU GPL version 3 <http://gnu.org/licenses/gpl.html>

This is free software, and you are free to change and redistribute it
under certain conditions; type `show_copying' for details. 
This program comes with ABSOLUTELY NO WARRANTY; for details type `show_warranty'.
define_corners Typical
read_liberty -corner Typical /home/nidesh/.ciel/sky130A/libs.ref/sky130_fd_sc_hd/lib/sky130_fd_sc_hd__tt_025C_1v80.lib
Using 1e-12 for capacitance...
Using 1e+03 for resistance...
Using 1e-09 for time...
Using 1e+00 for voltage...
Using 1e-03 for current...
Using 1e-09 for power...
Using 1e-06 for distance...
Reading netlist '/openlane/designs/alu/runs/RUN_2025.07.27_12.38.31/results/synthesis/alu.v'…
Reading design constraints file at '/openlane/scripts/base.sdc'…
Warning: base.sdc line 6, port 'clk' not found.
[INFO]: Setting output delay to: 2.0
[INFO]: Setting input delay to: 2.0
Warning: base.sdc line 18, port 'clk' not found.
[INFO]: Setting load to: 0.033442
[INFO]: Setting clock uncertainty to: 0.25
[INFO]: Setting clock transition to: 0.15
Warning: base.sdc line 52, transition time can not be specified for virtual clocks.
[INFO]: Setting timing derate to: 5.0 %
min_report

===========================================================================
report_checks -path_delay min (Hold)
============================================================================
======================= Typical Corner ===================================

Startpoint: a[0] (input port clocked by clk)
Endpoint: out[0] (output port clocked by clk)
Path Group: clk
Path Type: min

Fanout     Cap    Slew   Delay    Time   Description
-----------------------------------------------------------------------------
                  0.00    0.00    0.00   clock clk (rise edge)
                          0.00    0.00   clock network delay (ideal)
                          2.00    2.00 ^ input external delay
                  0.06    0.04    2.04 ^ a[0] (in)
     4    0.01                           a[0] (net)
                  0.06    0.00    2.04 ^ _080_/A2 (sky130_fd_sc_hd__o22a_2)
                  0.18    0.23    2.27 ^ _080_/X (sky130_fd_sc_hd__o22a_2)
     1    0.03                           out[0] (net)
                  0.18    0.00    2.27 ^ out[0] (out)
                                  2.27   data arrival time

                  0.00    0.00    0.00   clock clk (rise edge)
                          0.00    0.00   clock network delay (ideal)
                          0.25    0.25   clock uncertainty
                          0.00    0.25   clock reconvergence pessimism
                         -2.00   -1.75   output external delay
                                 -1.75   data required time
-----------------------------------------------------------------------------
                                 -1.75   data required time
                                 -2.27   data arrival time
-----------------------------------------------------------------------------
                                  4.02   slack (MET)


Startpoint: b[3] (input port clocked by clk)
Endpoint: out[3] (output port clocked by clk)
Path Group: clk
Path Type: min

Fanout     Cap    Slew   Delay    Time   Description
-----------------------------------------------------------------------------
                  0.00    0.00    0.00   clock clk (rise edge)
                          0.00    0.00   clock network delay (ideal)
                          2.00    2.00 v input external delay
                  0.02    0.01    2.01 v b[3] (in)
     4    0.01                           b[3] (net)
                  0.02    0.00    2.01 v _055_/A (sky130_fd_sc_hd__nand2_2)
                  0.07    0.06    2.08 ^ _055_/Y (sky130_fd_sc_hd__nand2_2)
     3    0.01                           _004_ (net)
                  0.07    0.00    2.08 ^ _065_/A (sky130_fd_sc_hd__nand2_2)
                  0.06    0.07    2.14 v _065_/Y (sky130_fd_sc_hd__nand2_2)
     4    0.01                           _014_ (net)
                  0.06    0.00    2.14 v _100_/A (sky130_fd_sc_hd__nand2_2)
                  0.03    0.05    2.19 ^ _100_/Y (sky130_fd_sc_hd__nand2_2)
     1    0.00                           _045_ (net)
                  0.03    0.00    2.19 ^ _107_/A1 (sky130_fd_sc_hd__a21o_2)
                  0.17    0.20    2.39 ^ _107_/X (sky130_fd_sc_hd__a21o_2)
     1    0.03                           out[3] (net)
                  0.17    0.00    2.39 ^ out[3] (out)
                                  2.39   data arrival time

                  0.00    0.00    0.00   clock clk (rise edge)
                          0.00    0.00   clock network delay (ideal)
                          0.25    0.25   clock uncertainty
                          0.00    0.25   clock reconvergence pessimism
                         -2.00   -1.75   output external delay
                                 -1.75   data required time
-----------------------------------------------------------------------------
                                 -1.75   data required time
                                 -2.39   data arrival time
-----------------------------------------------------------------------------
                                  4.14   slack (MET)


Startpoint: b[0] (input port clocked by clk)
Endpoint: out[1] (output port clocked by clk)
Path Group: clk
Path Type: min

Fanout     Cap    Slew   Delay    Time   Description
-----------------------------------------------------------------------------
                  0.00    0.00    0.00   clock clk (rise edge)
                          0.00    0.00   clock network delay (ideal)
                          2.00    2.00 ^ input external delay
                  0.06    0.04    2.04 ^ b[0] (in)
     4    0.01                           b[0] (net)
                  0.06    0.00    2.04 ^ _059_/A (sky130_fd_sc_hd__nand2_2)
                  0.06    0.06    2.10 v _059_/Y (sky130_fd_sc_hd__nand2_2)
     2    0.01                           _008_ (net)
                  0.06    0.00    2.10 v _084_/B (sky130_fd_sc_hd__xor2_2)
                  0.07    0.10    2.20 ^ _084_/X (sky130_fd_sc_hd__xor2_2)
     1    0.00                           _031_ (net)
                  0.07    0.00    2.20 ^ _090_/A2 (sky130_fd_sc_hd__a211o_2)
                  0.16    0.22    2.42 ^ _090_/X (sky130_fd_sc_hd__a211o_2)
     1    0.03                           out[1] (net)
                  0.16    0.00    2.42 ^ out[1] (out)
                                  2.42   data arrival time

                  0.00    0.00    0.00   clock clk (rise edge)
                          0.00    0.00   clock network delay (ideal)
                          0.25    0.25   clock uncertainty
                          0.00    0.25   clock reconvergence pessimism
                         -2.00   -1.75   output external delay
                                 -1.75   data required time
-----------------------------------------------------------------------------
                                 -1.75   data required time
                                 -2.42   data arrival time
-----------------------------------------------------------------------------
                                  4.17   slack (MET)


Startpoint: b[2] (input port clocked by clk)
Endpoint: out[2] (output port clocked by clk)
Path Group: clk
Path Type: min

Fanout     Cap    Slew   Delay    Time   Description
-----------------------------------------------------------------------------
                  0.00    0.00    0.00   clock clk (rise edge)
                          0.00    0.00   clock network delay (ideal)
                          2.00    2.00 v input external delay
                  0.02    0.01    2.01 v b[2] (in)
     4    0.01                           b[2] (net)
                  0.02    0.00    2.01 v _056_/A (sky130_fd_sc_hd__nand2_2)
                  0.04    0.05    2.06 ^ _056_/Y (sky130_fd_sc_hd__nand2_2)
     2    0.01                           _005_ (net)
                  0.04    0.00    2.06 ^ _066_/A (sky130_fd_sc_hd__nand2_2)
                  0.05    0.05    2.11 v _066_/Y (sky130_fd_sc_hd__nand2_2)
     4    0.01                           _015_ (net)
                  0.05    0.00    2.11 v _092_/A1 (sky130_fd_sc_hd__a21oi_2)
                  0.07    0.10    2.21 ^ _092_/Y (sky130_fd_sc_hd__a21oi_2)
     1    0.00                           _038_ (net)
                  0.07    0.00    2.21 ^ _099_/A2 (sky130_fd_sc_hd__a21o_2)
                  0.17    0.22    2.43 ^ _099_/X (sky130_fd_sc_hd__a21o_2)
     1    0.03                           out[2] (net)
                  0.17    0.00    2.43 ^ out[2] (out)
                                  2.43   data arrival time

                  0.00    0.00    0.00   clock clk (rise edge)
                          0.00    0.00   clock network delay (ideal)
                          0.25    0.25   clock uncertainty
                          0.00    0.25   clock reconvergence pessimism
                         -2.00   -1.75   output external delay
                                 -1.75   data required time
-----------------------------------------------------------------------------
                                 -1.75   data required time
                                 -2.43   data arrival time
-----------------------------------------------------------------------------
                                  4.18   slack (MET)



min_report_end
max_report

===========================================================================
report_checks -path_delay max (Setup)
============================================================================
======================= Typical Corner ===================================

Startpoint: b[0] (input port clocked by clk)
Endpoint: out[3] (output port clocked by clk)
Path Group: clk
Path Type: max

Fanout     Cap    Slew   Delay    Time   Description
-----------------------------------------------------------------------------
                  0.00    0.00    0.00   clock clk (rise edge)
                          0.00    0.00   clock network delay (ideal)
                          2.00    2.00 ^ input external delay
                  0.06    0.04    2.04 ^ b[0] (in)
     4    0.01                           b[0] (net)
                  0.06    0.00    2.04 ^ _067_/B_N (sky130_fd_sc_hd__or2b_2)
                  0.06    0.32    2.36 v _067_/X (sky130_fd_sc_hd__or2b_2)
     3    0.01                           _016_ (net)
                  0.06    0.00    2.36 v _069_/A2 (sky130_fd_sc_hd__a21o_2)
                  0.05    0.24    2.60 v _069_/X (sky130_fd_sc_hd__a21o_2)
     3    0.01                           _018_ (net)
                  0.05    0.00    2.60 v _071_/A2 (sky130_fd_sc_hd__a21o_2)
                  0.04    0.23    2.83 v _071_/X (sky130_fd_sc_hd__a21o_2)
     2    0.01                           _020_ (net)
                  0.04    0.00    2.83 v _102_/B (sky130_fd_sc_hd__or2_2)
                  0.05    0.28    3.10 v _102_/X (sky130_fd_sc_hd__or2_2)
     1    0.00                           _047_ (net)
                  0.05    0.00    3.10 v _106_/A2 (sky130_fd_sc_hd__a221o_2)
                  0.05    0.39    3.49 v _106_/X (sky130_fd_sc_hd__a221o_2)
     1    0.00                           _051_ (net)
                  0.05    0.00    3.49 v _107_/B1 (sky130_fd_sc_hd__a21o_2)
                  0.10    0.28    3.77 v _107_/X (sky130_fd_sc_hd__a21o_2)
     1    0.03                           out[3] (net)
                  0.10    0.00    3.77 v out[3] (out)
                                  3.77   data arrival time

                  0.00   10.00   10.00   clock clk (rise edge)
                          0.00   10.00   clock network delay (ideal)
                         -0.25    9.75   clock uncertainty
                          0.00    9.75   clock reconvergence pessimism
                         -2.00    7.75   output external delay
                                  7.75   data required time
-----------------------------------------------------------------------------
                                  7.75   data required time
                                 -3.77   data arrival time
-----------------------------------------------------------------------------
                                  3.98   slack (MET)


Startpoint: sel[2] (input port clocked by clk)
Endpoint: out[2] (output port clocked by clk)
Path Group: clk
Path Type: max

Fanout     Cap    Slew   Delay    Time   Description
-----------------------------------------------------------------------------
                  0.00    0.00    0.00   clock clk (rise edge)
                          0.00    0.00   clock network delay (ideal)
                          2.00    2.00 ^ input external delay
                  0.04    0.03    2.03 ^ sel[2] (in)
     3    0.01                           sel[2] (net)
                  0.04    0.00    2.03 ^ _075_/A (sky130_fd_sc_hd__inv_2)
                  0.04    0.05    2.08 v _075_/Y (sky130_fd_sc_hd__inv_2)
     6    0.01                           _023_ (net)
                  0.04    0.00    2.08 v _081_/A (sky130_fd_sc_hd__or3_2)
                  0.09    0.51    2.59 v _081_/X (sky130_fd_sc_hd__or3_2)
     3    0.01                           _028_ (net)
                  0.09    0.00    2.59 v _083_/B (sky130_fd_sc_hd__and3_2)
                  0.05    0.24    2.83 v _083_/X (sky130_fd_sc_hd__and3_2)
     3    0.01                           _030_ (net)
                  0.05    0.00    2.83 v _097_/B1 (sky130_fd_sc_hd__o211a_2)
                  0.04    0.13    2.96 v _097_/X (sky130_fd_sc_hd__o211a_2)
     1    0.00                           _043_ (net)
                  0.04    0.00    2.96 v _098_/C1 (sky130_fd_sc_hd__a221o_2)
                  0.05    0.30    3.26 v _098_/X (sky130_fd_sc_hd__a221o_2)
     1    0.00                           _044_ (net)
                  0.05    0.00    3.26 v _099_/B1 (sky130_fd_sc_hd__a21o_2)
                  0.10    0.28    3.53 v _099_/X (sky130_fd_sc_hd__a21o_2)
     1    0.03                           out[2] (net)
                  0.10    0.00    3.53 v out[2] (out)
                                  3.53   data arrival time

                  0.00   10.00   10.00   clock clk (rise edge)
                          0.00   10.00   clock network delay (ideal)
                         -0.25    9.75   clock uncertainty
                          0.00    9.75   clock reconvergence pessimism
                         -2.00    7.75   output external delay
                                  7.75   data required time
-----------------------------------------------------------------------------
                                  7.75   data required time
                                 -3.53   data arrival time
-----------------------------------------------------------------------------
                                  4.22   slack (MET)


Startpoint: sel[2] (input port clocked by clk)
Endpoint: out[1] (output port clocked by clk)
Path Group: clk
Path Type: max

Fanout     Cap    Slew   Delay    Time   Description
-----------------------------------------------------------------------------
                  0.00    0.00    0.00   clock clk (rise edge)
                          0.00    0.00   clock network delay (ideal)
                          2.00    2.00 ^ input external delay
                  0.04    0.03    2.03 ^ sel[2] (in)
     3    0.01                           sel[2] (net)
                  0.04    0.00    2.03 ^ _075_/A (sky130_fd_sc_hd__inv_2)
                  0.04    0.05    2.08 v _075_/Y (sky130_fd_sc_hd__inv_2)
     6    0.01                           _023_ (net)
                  0.04    0.00    2.08 v _081_/A (sky130_fd_sc_hd__or3_2)
                  0.09    0.51    2.59 v _081_/X (sky130_fd_sc_hd__or3_2)
     3    0.01                           _028_ (net)
                  0.09    0.00    2.59 v _083_/B (sky130_fd_sc_hd__and3_2)
                  0.05    0.24    2.83 v _083_/X (sky130_fd_sc_hd__and3_2)
     3    0.01                           _030_ (net)
                  0.05    0.00    2.83 v _090_/A1 (sky130_fd_sc_hd__a211o_2)
                  0.12    0.40    3.23 v _090_/X (sky130_fd_sc_hd__a211o_2)
     1    0.03                           out[1] (net)
                  0.12    0.00    3.23 v out[1] (out)
                                  3.23   data arrival time

                  0.00   10.00   10.00   clock clk (rise edge)
                          0.00   10.00   clock network delay (ideal)
                         -0.25    9.75   clock uncertainty
                          0.00    9.75   clock reconvergence pessimism
                         -2.00    7.75   output external delay
                                  7.75   data required time
-----------------------------------------------------------------------------
                                  7.75   data required time
                                 -3.23   data arrival time
-----------------------------------------------------------------------------
                                  4.52   slack (MET)


Startpoint: a[0] (input port clocked by clk)
Endpoint: out[0] (output port clocked by clk)
Path Group: clk
Path Type: max

Fanout     Cap    Slew   Delay    Time   Description
-----------------------------------------------------------------------------
                  0.00    0.00    0.00   clock clk (rise edge)
                          0.00    0.00   clock network delay (ideal)
                          2.00    2.00 v input external delay
                  0.03    0.02    2.02 v a[0] (in)
     4    0.01                           a[0] (net)
                  0.03    0.00    2.02 v _076_/A2 (sky130_fd_sc_hd__a22o_2)
                  0.05    0.27    2.28 v _076_/X (sky130_fd_sc_hd__a22o_2)
     2    0.01                           _024_ (net)
                  0.05    0.00    2.28 v _077_/C (sky130_fd_sc_hd__and3_2)
                  0.04    0.21    2.49 v _077_/X (sky130_fd_sc_hd__and3_2)
     1    0.00                           _025_ (net)
                  0.04    0.00    2.49 v _080_/B1 (sky130_fd_sc_hd__o22a_2)
                  0.12    0.30    2.79 v _080_/X (sky130_fd_sc_hd__o22a_2)
     1    0.03                           out[0] (net)
                  0.12    0.00    2.79 v out[0] (out)
                                  2.79   data arrival time

                  0.00   10.00   10.00   clock clk (rise edge)
                          0.00   10.00   clock network delay (ideal)
                         -0.25    9.75   clock uncertainty
                          0.00    9.75   clock reconvergence pessimism
                         -2.00    7.75   output external delay
                                  7.75   data required time
-----------------------------------------------------------------------------
                                  7.75   data required time
                                 -2.79   data arrival time
-----------------------------------------------------------------------------
                                  4.96   slack (MET)



max_report_end
checks_report

===========================================================================
report_checks -unconstrained
===========================================================================
======================= Typical Corner ===================================

Startpoint: b[0] (input port clocked by clk)
Endpoint: out[3] (output port clocked by clk)
Path Group: clk
Path Type: max

Fanout     Cap    Slew   Delay    Time   Description
-----------------------------------------------------------------------------
                  0.00    0.00    0.00   clock clk (rise edge)
                          0.00    0.00   clock network delay (ideal)
                          2.00    2.00 ^ input external delay
                  0.06    0.04    2.04 ^ b[0] (in)
     4    0.01                           b[0] (net)
                  0.06    0.00    2.04 ^ _067_/B_N (sky130_fd_sc_hd__or2b_2)
                  0.06    0.32    2.36 v _067_/X (sky130_fd_sc_hd__or2b_2)
     3    0.01                           _016_ (net)
                  0.06    0.00    2.36 v _069_/A2 (sky130_fd_sc_hd__a21o_2)
                  0.05    0.24    2.60 v _069_/X (sky130_fd_sc_hd__a21o_2)
     3    0.01                           _018_ (net)
                  0.05    0.00    2.60 v _071_/A2 (sky130_fd_sc_hd__a21o_2)
                  0.04    0.23    2.83 v _071_/X (sky130_fd_sc_hd__a21o_2)
     2    0.01                           _020_ (net)
                  0.04    0.00    2.83 v _102_/B (sky130_fd_sc_hd__or2_2)
                  0.05    0.28    3.10 v _102_/X (sky130_fd_sc_hd__or2_2)
     1    0.00                           _047_ (net)
                  0.05    0.00    3.10 v _106_/A2 (sky130_fd_sc_hd__a221o_2)
                  0.05    0.39    3.49 v _106_/X (sky130_fd_sc_hd__a221o_2)
     1    0.00                           _051_ (net)
                  0.05    0.00    3.49 v _107_/B1 (sky130_fd_sc_hd__a21o_2)
                  0.10    0.28    3.77 v _107_/X (sky130_fd_sc_hd__a21o_2)
     1    0.03                           out[3] (net)
                  0.10    0.00    3.77 v out[3] (out)
                                  3.77   data arrival time

                  0.00   10.00   10.00   clock clk (rise edge)
                          0.00   10.00   clock network delay (ideal)
                         -0.25    9.75   clock uncertainty
                          0.00    9.75   clock reconvergence pessimism
                         -2.00    7.75   output external delay
                                  7.75   data required time
-----------------------------------------------------------------------------
                                  7.75   data required time
                                 -3.77   data arrival time
-----------------------------------------------------------------------------
                                  3.98   slack (MET)




===========================================================================
report_checks --slack_max -0.01
============================================================================
======================= Typical Corner ===================================

No paths found.


===========================================================================
 report_check_types -max_slew -max_cap -max_fanout -violators
============================================================================
======================= Typical Corner ===================================



===========================================================================
report_parasitic_annotation -report_unannotated
============================================================================
Found 69 unannotated drivers.
 a[0]
 a[1]
 a[2]
 a[3]
 b[0]
 b[1]
 b[2]
 b[3]
 sel[0]
 sel[1]
 sel[2]
 _053_/X
 _054_/X
 _055_/Y
 _056_/Y
 _057_/X
 _058_/Y
 _059_/Y
 _060_/Y
 _061_/Y
 _062_/Y
 _063_/X
 _064_/Y
 _065_/Y
 _066_/Y
 _067_/X
 _068_/X
 _069_/X
 _070_/X
 _071_/X
 _072_/Y
 _073_/X
 _074_/X
 _075_/Y
 _076_/X
 _077_/X
 _078_/X
 _079_/Y
 _080_/X
 _081_/X
 _082_/Y
 _083_/X
 _084_/X
 _085_/X
 _086_/X
 _087_/Y
 _088_/Y
 _089_/X
 _090_/X
 _091_/X
 _092_/Y
 _093_/X
 _094_/X
 _095_/Y
 _096_/X
 _097_/X
 _098_/X
 _099_/X
 _100_/Y
 _101_/X
 _102_/X
 _103_/X
 _104_/X
 _105_/X
 _106_/X
 _107_/X
 _108_/X
 _109_/X
 _110_/Q
Found 0 partially unannotated drivers.

===========================================================================
max slew violation count 0
max fanout violation count 0
max cap violation count 0
============================================================================

===========================================================================
check_setup -verbose -unconstrained_endpoints -multiple_clock -no_clock -no_input_delay -loops -generated_clocks
===========================================================================
Warning: There is 1 unclocked register/latch pin.
  _110_/GATE_N
Warning: There are 2 unconstrained endpoints.
  carry
  _110_/D
checks_report_end
power_report

===========================================================================
 report_power
============================================================================
======================= Typical Corner ===================================

Group                  Internal  Switching    Leakage      Total
                          Power      Power      Power      Power (Watts)
----------------------------------------------------------------
Sequential             7.81e-07   1.38e-06   8.12e-12   2.16e-06   7.6%
Combinational          1.32e-05   1.31e-05   1.95e-10   2.63e-05  92.4%
Macro                  0.00e+00   0.00e+00   0.00e+00   0.00e+00   0.0%
Pad                    0.00e+00   0.00e+00   0.00e+00   0.00e+00   0.0%
----------------------------------------------------------------
Total                  1.40e-05   1.45e-05   2.03e-10   2.85e-05 100.0%
                          49.1%      50.9%       0.0%

power_report_end
skew_report

===========================================================================
report_clock_skew
============================================================================
Clock clk
No launch/capture paths found.

skew_report_end
summary_report

===========================================================================
report_tns
============================================================================
tns 0.00

===========================================================================
report_wns
============================================================================
wns 0.00

===========================================================================
report_worst_slack -max (Setup)
============================================================================
worst slack 3.98

===========================================================================
report_worst_slack -min (Hold)
============================================================================
worst slack 4.02
summary_report_end
[WARNING] Did not save OpenROAD database!
Writing SDF to '/openlane/designs/alu/runs/RUN_2025.07.27_12.38.31/results/synthesis/alu.sdf'…
